<?xml version="1.0" encoding="UTF-8"?>
<testsuite xmlns:xsi="http://www.w3.org/2001/XMLSchema-instance" xsi:noNamespaceSchemaLocation="https://maven.apache.org/surefire/maven-surefire-plugin/xsd/surefire-test-report.xsd" name="RedisThrottlingServiceSpec" time="8.873" tests="1" errors="0" skipped="0" failures="0">
  <properties>
    <property name="java.specification.version" value="17"/>
    <property name="sun.cpu.isalist" value="amd64"/>
    <property name="sun.jnu.encoding" value="GBK"/>
    <property name="java.class.path" value="C:\code\hsbc\demo\ping\target\test-classes;C:\code\hsbc\demo\ping\target\classes;C:\work\apache-maven-3.8.8\repo\org\springframework\boot\spring-boot-starter-webflux\3.1.4\spring-boot-starter-webflux-3.1.4.jar;C:\work\apache-maven-3.8.8\repo\org\springframework\boot\spring-boot-starter\3.1.4\spring-boot-starter-3.1.4.jar;C:\work\apache-maven-3.8.8\repo\org\springframework\boot\spring-boot\3.1.4\spring-boot-3.1.4.jar;C:\work\apache-maven-3.8.8\repo\org\springframework\spring-context\6.0.12\spring-context-6.0.12.jar;C:\work\apache-maven-3.8.8\repo\org\springframework\spring-expression\6.0.12\spring-expression-6.0.12.jar;C:\work\apache-maven-3.8.8\repo\org\springframework\boot\spring-boot-autoconfigure\3.1.4\spring-boot-autoconfigure-3.1.4.jar;C:\work\apache-maven-3.8.8\repo\org\springframework\boot\spring-boot-starter-logging\3.1.4\spring-boot-starter-logging-3.1.4.jar;C:\work\apache-maven-3.8.8\repo\ch\qos\logback\logback-classic\1.4.11\logback-classic-1.4.11.jar;C:\work\apache-maven-3.8.8\repo\ch\qos\logback\logback-core\1.4.11\logback-core-1.4.11.jar;C:\work\apache-maven-3.8.8\repo\org\apache\logging\log4j\log4j-to-slf4j\2.20.0\log4j-to-slf4j-2.20.0.jar;C:\work\apache-maven-3.8.8\repo\org\apache\logging\log4j\log4j-api\2.20.0\log4j-api-2.20.0.jar;C:\work\apache-maven-3.8.8\repo\org\slf4j\jul-to-slf4j\2.0.9\jul-to-slf4j-2.0.9.jar;C:\work\apache-maven-3.8.8\repo\jakarta\annotation\jakarta.annotation-api\2.1.1\jakarta.annotation-api-2.1.1.jar;C:\work\apache-maven-3.8.8\repo\org\yaml\snakeyaml\1.33\snakeyaml-1.33.jar;C:\work\apache-maven-3.8.8\repo\org\springframework\boot\spring-boot-starter-json\3.1.4\spring-boot-starter-json-3.1.4.jar;C:\work\apache-maven-3.8.8\repo\com\fasterxml\jackson\datatype\jackson-datatype-jdk8\2.15.2\jackson-datatype-jdk8-2.15.2.jar;C:\work\apache-maven-3.8.8\repo\com\fasterxml\jackson\datatype\jackson-datatype-jsr310\2.15.2\jackson-datatype-jsr310-2.15.2.jar;C:\work\apache-maven-3.8.8\repo\com\fasterxml\jackson\module\jackson-module-parameter-names\2.15.2\jackson-module-parameter-names-2.15.2.jar;C:\work\apache-maven-3.8.8\repo\org\springframework\boot\spring-boot-starter-reactor-netty\3.1.4\spring-boot-starter-reactor-netty-3.1.4.jar;C:\work\apache-maven-3.8.8\repo\io\projectreactor\netty\reactor-netty-http\1.1.11\reactor-netty-http-1.1.11.jar;C:\work\apache-maven-3.8.8\repo\io\netty\netty-codec-http\4.1.97.Final\netty-codec-http-4.1.97.Final.jar;C:\work\apache-maven-3.8.8\repo\io\netty\netty-codec-http2\4.1.97.Final\netty-codec-http2-4.1.97.Final.jar;C:\work\apache-maven-3.8.8\repo\io\netty\netty-resolver-dns-native-macos\4.1.97.Final\netty-resolver-dns-native-macos-4.1.97.Final-osx-x86_64.jar;C:\work\apache-maven-3.8.8\repo\io\netty\netty-resolver-dns-classes-macos\4.1.97.Final\netty-resolver-dns-classes-macos-4.1.97.Final.jar;C:\work\apache-maven-3.8.8\repo\io\netty\netty-transport-native-epoll\4.1.97.Final\netty-transport-native-epoll-4.1.97.Final-linux-x86_64.jar;C:\work\apache-maven-3.8.8\repo\io\netty\netty-transport-classes-epoll\4.1.97.Final\netty-transport-classes-epoll-4.1.97.Final.jar;C:\work\apache-maven-3.8.8\repo\io\projectreactor\netty\reactor-netty-core\1.1.11\reactor-netty-core-1.1.11.jar;C:\work\apache-maven-3.8.8\repo\io\netty\netty-handler-proxy\4.1.97.Final\netty-handler-proxy-4.1.97.Final.jar;C:\work\apache-maven-3.8.8\repo\io\netty\netty-codec-socks\4.1.97.Final\netty-codec-socks-4.1.97.Final.jar;C:\work\apache-maven-3.8.8\repo\org\springframework\spring-web\6.0.12\spring-web-6.0.12.jar;C:\work\apache-maven-3.8.8\repo\org\springframework\spring-beans\6.0.12\spring-beans-6.0.12.jar;C:\work\apache-maven-3.8.8\repo\org\springframework\spring-webflux\6.0.12\spring-webflux-6.0.12.jar;C:\work\apache-maven-3.8.8\repo\io\micrometer\micrometer-core\1.11.4\micrometer-core-1.11.4.jar;C:\work\apache-maven-3.8.8\repo\io\micrometer\micrometer-commons\1.11.4\micrometer-commons-1.11.4.jar;C:\work\apache-maven-3.8.8\repo\io\micrometer\micrometer-observation\1.11.4\micrometer-observation-1.11.4.jar;C:\work\apache-maven-3.8.8\repo\org\hdrhistogram\HdrHistogram\2.1.12\HdrHistogram-2.1.12.jar;C:\work\apache-maven-3.8.8\repo\org\latencyutils\LatencyUtils\2.0.3\LatencyUtils-2.0.3.jar;C:\work\apache-maven-3.8.8\repo\org\springframework\boot\spring-boot-starter-actuator\3.1.4\spring-boot-starter-actuator-3.1.4.jar;C:\work\apache-maven-3.8.8\repo\org\springframework\boot\spring-boot-actuator-autoconfigure\3.1.4\spring-boot-actuator-autoconfigure-3.1.4.jar;C:\work\apache-maven-3.8.8\repo\org\springframework\boot\spring-boot-actuator\3.1.4\spring-boot-actuator-3.1.4.jar;C:\work\apache-maven-3.8.8\repo\io\micrometer\micrometer-registry-prometheus\1.11.4\micrometer-registry-prometheus-1.11.4.jar;C:\work\apache-maven-3.8.8\repo\io\prometheus\simpleclient_common\0.16.0\simpleclient_common-0.16.0.jar;C:\work\apache-maven-3.8.8\repo\io\prometheus\simpleclient\0.16.0\simpleclient-0.16.0.jar;C:\work\apache-maven-3.8.8\repo\io\prometheus\simpleclient_tracer_otel\0.16.0\simpleclient_tracer_otel-0.16.0.jar;C:\work\apache-maven-3.8.8\repo\io\prometheus\simpleclient_tracer_common\0.16.0\simpleclient_tracer_common-0.16.0.jar;C:\work\apache-maven-3.8.8\repo\io\prometheus\simpleclient_tracer_otel_agent\0.16.0\simpleclient_tracer_otel_agent-0.16.0.jar;C:\work\apache-maven-3.8.8\repo\com\google\guava\guava\19.0\guava-19.0.jar;C:\work\apache-maven-3.8.8\repo\commons-io\commons-io\2.11.0\commons-io-2.11.0.jar;C:\work\apache-maven-3.8.8\repo\org\redisson\redisson\3.21.3\redisson-3.21.3.jar;C:\work\apache-maven-3.8.8\repo\io\netty\netty-common\4.1.97.Final\netty-common-4.1.97.Final.jar;C:\work\apache-maven-3.8.8\repo\io\netty\netty-codec\4.1.97.Final\netty-codec-4.1.97.Final.jar;C:\work\apache-maven-3.8.8\repo\io\netty\netty-buffer\4.1.97.Final\netty-buffer-4.1.97.Final.jar;C:\work\apache-maven-3.8.8\repo\io\netty\netty-transport\4.1.97.Final\netty-transport-4.1.97.Final.jar;C:\work\apache-maven-3.8.8\repo\io\netty\netty-resolver\4.1.97.Final\netty-resolver-4.1.97.Final.jar;C:\work\apache-maven-3.8.8\repo\io\netty\netty-resolver-dns\4.1.97.Final\netty-resolver-dns-4.1.97.Final.jar;C:\work\apache-maven-3.8.8\repo\io\netty\netty-codec-dns\4.1.97.Final\netty-codec-dns-4.1.97.Final.jar;C:\work\apache-maven-3.8.8\repo\io\netty\netty-handler\4.1.97.Final\netty-handler-4.1.97.Final.jar;C:\work\apache-maven-3.8.8\repo\io\netty\netty-transport-native-unix-common\4.1.97.Final\netty-transport-native-unix-common-4.1.97.Final.jar;C:\work\apache-maven-3.8.8\repo\javax\cache\cache-api\1.1.1\cache-api-1.1.1.jar;C:\work\apache-maven-3.8.8\repo\io\projectreactor\reactor-core\3.5.10\reactor-core-3.5.10.jar;C:\work\apache-maven-3.8.8\repo\org\reactivestreams\reactive-streams\1.0.4\reactive-streams-1.0.4.jar;C:\work\apache-maven-3.8.8\repo\io\reactivex\rxjava3\rxjava\3.1.7\rxjava-3.1.7.jar;C:\work\apache-maven-3.8.8\repo\org\jboss\marshalling\jboss-marshalling\2.0.11.Final\jboss-marshalling-2.0.11.Final.jar;C:\work\apache-maven-3.8.8\repo\org\jboss\marshalling\jboss-marshalling-river\2.0.11.Final\jboss-marshalling-river-2.0.11.Final.jar;C:\work\apache-maven-3.8.8\repo\com\esotericsoftware\kryo\5.5.0\kryo-5.5.0.jar;C:\work\apache-maven-3.8.8\repo\com\esotericsoftware\reflectasm\1.11.9\reflectasm-1.11.9.jar;C:\work\apache-maven-3.8.8\repo\com\esotericsoftware\minlog\1.3.1\minlog-1.3.1.jar;C:\work\apache-maven-3.8.8\repo\org\slf4j\slf4j-api\2.0.9\slf4j-api-2.0.9.jar;C:\work\apache-maven-3.8.8\repo\com\fasterxml\jackson\core\jackson-annotations\2.15.2\jackson-annotations-2.15.2.jar;C:\work\apache-maven-3.8.8\repo\com\fasterxml\jackson\dataformat\jackson-dataformat-yaml\2.15.2\jackson-dataformat-yaml-2.15.2.jar;C:\work\apache-maven-3.8.8\repo\com\fasterxml\jackson\core\jackson-core\2.15.2\jackson-core-2.15.2.jar;C:\work\apache-maven-3.8.8\repo\com\fasterxml\jackson\core\jackson-databind\2.15.2\jackson-databind-2.15.2.jar;C:\work\apache-maven-3.8.8\repo\net\bytebuddy\byte-buddy\1.14.8\byte-buddy-1.14.8.jar;C:\work\apache-maven-3.8.8\repo\org\jodd\jodd-bean\5.1.6\jodd-bean-5.1.6.jar;C:\work\apache-maven-3.8.8\repo\org\jodd\jodd-core\5.1.6\jodd-core-5.1.6.jar;C:\work\apache-maven-3.8.8\repo\org\springframework\boot\spring-boot-starter-data-redis\3.1.4\spring-boot-starter-data-redis-3.1.4.jar;C:\work\apache-maven-3.8.8\repo\org\springframework\data\spring-data-redis\3.1.4\spring-data-redis-3.1.4.jar;C:\work\apache-maven-3.8.8\repo\org\springframework\data\spring-data-keyvalue\3.1.4\spring-data-keyvalue-3.1.4.jar;C:\work\apache-maven-3.8.8\repo\org\springframework\data\spring-data-commons\3.1.4\spring-data-commons-3.1.4.jar;C:\work\apache-maven-3.8.8\repo\org\springframework\spring-tx\6.0.12\spring-tx-6.0.12.jar;C:\work\apache-maven-3.8.8\repo\org\springframework\spring-oxm\6.0.12\spring-oxm-6.0.12.jar;C:\work\apache-maven-3.8.8\repo\org\springframework\spring-aop\6.0.12\spring-aop-6.0.12.jar;C:\work\apache-maven-3.8.8\repo\org\springframework\spring-context-support\6.0.12\spring-context-support-6.0.12.jar;C:\work\apache-maven-3.8.8\repo\io\lettuce\lettuce-core\6.2.6.RELEASE\lettuce-core-6.2.6.RELEASE.jar;C:\work\apache-maven-3.8.8\repo\com\squareup\okhttp3\mockwebserver\4.11.0\mockwebserver-4.11.0.jar;C:\work\apache-maven-3.8.8\repo\junit\junit\4.13.2\junit-4.13.2.jar;C:\work\apache-maven-3.8.8\repo\org\hamcrest\hamcrest-core\2.2\hamcrest-core-2.2.jar;C:\work\apache-maven-3.8.8\repo\org\jetbrains\kotlin\kotlin-stdlib-jdk8\1.8.22\kotlin-stdlib-jdk8-1.8.22.jar;C:\work\apache-maven-3.8.8\repo\org\jetbrains\kotlin\kotlin-stdlib-jdk7\1.8.22\kotlin-stdlib-jdk7-1.8.22.jar;C:\work\apache-maven-3.8.8\repo\com\squareup\okhttp3\okhttp\4.11.0\okhttp-4.11.0.jar;C:\work\apache-maven-3.8.8\repo\com\squareup\okio\okio\3.2.0\okio-3.2.0.jar;C:\work\apache-maven-3.8.8\repo\com\squareup\okio\okio-jvm\3.2.0\okio-jvm-3.2.0.jar;C:\work\apache-maven-3.8.8\repo\org\jetbrains\kotlin\kotlin-stdlib\1.8.22\kotlin-stdlib-1.8.22.jar;C:\work\apache-maven-3.8.8\repo\org\jetbrains\kotlin\kotlin-stdlib-common\1.8.22\kotlin-stdlib-common-1.8.22.jar;C:\work\apache-maven-3.8.8\repo\org\jetbrains\annotations\13.0\annotations-13.0.jar;C:\work\apache-maven-3.8.8\repo\org\springframework\boot\spring-boot-starter-test\3.1.4\spring-boot-starter-test-3.1.4.jar;C:\work\apache-maven-3.8.8\repo\org\springframework\boot\spring-boot-test\3.1.4\spring-boot-test-3.1.4.jar;C:\work\apache-maven-3.8.8\repo\org\springframework\boot\spring-boot-test-autoconfigure\3.1.4\spring-boot-test-autoconfigure-3.1.4.jar;C:\work\apache-maven-3.8.8\repo\com\jayway\jsonpath\json-path\2.8.0\json-path-2.8.0.jar;C:\work\apache-maven-3.8.8\repo\jakarta\xml\bind\jakarta.xml.bind-api\4.0.1\jakarta.xml.bind-api-4.0.1.jar;C:\work\apache-maven-3.8.8\repo\jakarta\activation\jakarta.activation-api\2.1.2\jakarta.activation-api-2.1.2.jar;C:\work\apache-maven-3.8.8\repo\net\minidev\json-smart\2.4.11\json-smart-2.4.11.jar;C:\work\apache-maven-3.8.8\repo\net\minidev\accessors-smart\2.4.11\accessors-smart-2.4.11.jar;C:\work\apache-maven-3.8.8\repo\org\ow2\asm\asm\9.3\asm-9.3.jar;C:\work\apache-maven-3.8.8\repo\org\assertj\assertj-core\3.24.2\assertj-core-3.24.2.jar;C:\work\apache-maven-3.8.8\repo\org\hamcrest\hamcrest\2.2\hamcrest-2.2.jar;C:\work\apache-maven-3.8.8\repo\org\junit\jupiter\junit-jupiter\5.9.3\junit-jupiter-5.9.3.jar;C:\work\apache-maven-3.8.8\repo\org\junit\jupiter\junit-jupiter-api\5.9.3\junit-jupiter-api-5.9.3.jar;C:\work\apache-maven-3.8.8\repo\org\junit\jupiter\junit-jupiter-params\5.9.3\junit-jupiter-params-5.9.3.jar;C:\work\apache-maven-3.8.8\repo\org\junit\jupiter\junit-jupiter-engine\5.9.3\junit-jupiter-engine-5.9.3.jar;C:\work\apache-maven-3.8.8\repo\org\mockito\mockito-junit-jupiter\5.3.1\mockito-junit-jupiter-5.3.1.jar;C:\work\apache-maven-3.8.8\repo\org\skyscreamer\jsonassert\1.5.1\jsonassert-1.5.1.jar;C:\work\apache-maven-3.8.8\repo\com\vaadin\external\google\android-json\0.0.20131108.vaadin1\android-json-0.0.20131108.vaadin1.jar;C:\work\apache-maven-3.8.8\repo\org\springframework\spring-core\6.0.12\spring-core-6.0.12.jar;C:\work\apache-maven-3.8.8\repo\org\springframework\spring-jcl\6.0.12\spring-jcl-6.0.12.jar;C:\work\apache-maven-3.8.8\repo\org\springframework\spring-test\6.0.12\spring-test-6.0.12.jar;C:\work\apache-maven-3.8.8\repo\org\xmlunit\xmlunit-core\2.9.1\xmlunit-core-2.9.1.jar;C:\work\apache-maven-3.8.8\repo\org\apache\groovy\groovy\4.0.15\groovy-4.0.15.jar;C:\work\apache-maven-3.8.8\repo\org\apache\groovy\groovy-ant\4.0.15\groovy-ant-4.0.15.jar;C:\work\apache-maven-3.8.8\repo\org\apache\ant\ant\1.10.14\ant-1.10.14.jar;C:\work\apache-maven-3.8.8\repo\org\apache\ant\ant-junit\1.10.14\ant-junit-1.10.14.jar;C:\work\apache-maven-3.8.8\repo\org\apache\ant\ant-launcher\1.10.14\ant-launcher-1.10.14.jar;C:\work\apache-maven-3.8.8\repo\org\apache\ant\ant-antlr\1.10.14\ant-antlr-1.10.14.jar;C:\work\apache-maven-3.8.8\repo\org\apache\groovy\groovy-cli-picocli\4.0.15\groovy-cli-picocli-4.0.15.jar;C:\work\apache-maven-3.8.8\repo\info\picocli\picocli\4.7.5\picocli-4.7.5.jar;C:\work\apache-maven-3.8.8\repo\org\apache\groovy\groovy-console\4.0.15\groovy-console-4.0.15.jar;C:\work\apache-maven-3.8.8\repo\com\github\javaparser\javaparser-core\3.25.5\javaparser-core-3.25.5.jar;C:\work\apache-maven-3.8.8\repo\org\ow2\asm\asm-util\9.5\asm-util-9.5.jar;C:\work\apache-maven-3.8.8\repo\org\ow2\asm\asm-tree\9.5\asm-tree-9.5.jar;C:\work\apache-maven-3.8.8\repo\org\ow2\asm\asm-analysis\9.5\asm-analysis-9.5.jar;C:\work\apache-maven-3.8.8\repo\org\abego\treelayout\org.abego.treelayout.core\1.0.3\org.abego.treelayout.core-1.0.3.jar;C:\work\apache-maven-3.8.8\repo\org\apache\ivy\ivy\2.5.2\ivy-2.5.2.jar;C:\work\apache-maven-3.8.8\repo\org\apache\groovy\groovy-datetime\4.0.15\groovy-datetime-4.0.15.jar;C:\work\apache-maven-3.8.8\repo\org\apache\groovy\groovy-docgenerator\4.0.15\groovy-docgenerator-4.0.15.jar;C:\work\apache-maven-3.8.8\repo\com\thoughtworks\qdox\qdox\1.12.1\qdox-1.12.1.jar;C:\work\apache-maven-3.8.8\repo\org\apache\groovy\groovy-groovydoc\4.0.15\groovy-groovydoc-4.0.15.jar;C:\work\apache-maven-3.8.8\repo\org\apache\groovy\groovy-groovysh\4.0.15\groovy-groovysh-4.0.15.jar;C:\work\apache-maven-3.8.8\repo\jline\jline\2.14.6\jline-2.14.6.jar;C:\work\apache-maven-3.8.8\repo\org\apache\groovy\groovy-jmx\4.0.15\groovy-jmx-4.0.15.jar;C:\work\apache-maven-3.8.8\repo\org\apache\groovy\groovy-json\4.0.15\groovy-json-4.0.15.jar;C:\work\apache-maven-3.8.8\repo\org\apache\groovy\groovy-jsr223\4.0.15\groovy-jsr223-4.0.15.jar;C:\work\apache-maven-3.8.8\repo\org\apache\groovy\groovy-macro\4.0.15\groovy-macro-4.0.15.jar;C:\work\apache-maven-3.8.8\repo\org\apache\groovy\groovy-nio\4.0.15\groovy-nio-4.0.15.jar;C:\work\apache-maven-3.8.8\repo\org\apache\groovy\groovy-servlet\4.0.15\groovy-servlet-4.0.15.jar;C:\work\apache-maven-3.8.8\repo\org\apache\groovy\groovy-sql\4.0.15\groovy-sql-4.0.15.jar;C:\work\apache-maven-3.8.8\repo\org\apache\groovy\groovy-swing\4.0.15\groovy-swing-4.0.15.jar;C:\work\apache-maven-3.8.8\repo\org\apache\groovy\groovy-templates\4.0.15\groovy-templates-4.0.15.jar;C:\work\apache-maven-3.8.8\repo\org\apache\groovy\groovy-test\4.0.15\groovy-test-4.0.15.jar;C:\work\apache-maven-3.8.8\repo\org\apache\groovy\groovy-test-junit5\4.0.15\groovy-test-junit5-4.0.15.jar;C:\work\apache-maven-3.8.8\repo\org\junit\platform\junit-platform-launcher\1.9.3\junit-platform-launcher-1.9.3.jar;C:\work\apache-maven-3.8.8\repo\org\apache\groovy\groovy-xml\4.0.15\groovy-xml-4.0.15.jar;C:\work\apache-maven-3.8.8\repo\org\apache\groovy\groovy-yaml\4.0.15\groovy-yaml-4.0.15.jar;C:\work\apache-maven-3.8.8\repo\org\spockframework\spock-core\2.4-M1-groovy-4.0\spock-core-2.4-M1-groovy-4.0.jar;C:\work\apache-maven-3.8.8\repo\org\junit\platform\junit-platform-engine\1.9.3\junit-platform-engine-1.9.3.jar;C:\work\apache-maven-3.8.8\repo\org\opentest4j\opentest4j\1.2.0\opentest4j-1.2.0.jar;C:\work\apache-maven-3.8.8\repo\org\junit\platform\junit-platform-commons\1.9.3\junit-platform-commons-1.9.3.jar;C:\work\apache-maven-3.8.8\repo\org\apiguardian\apiguardian-api\1.1.2\apiguardian-api-1.1.2.jar;C:\work\apache-maven-3.8.8\repo\org\spockframework\spock-spring\2.4-M1-groovy-4.0\spock-spring-2.4-M1-groovy-4.0.jar;C:\work\apache-maven-3.8.8\repo\com\athaydes\spock-reports\2.5.1-groovy-4.0\spock-reports-2.5.1-groovy-4.0.jar;C:\work\apache-maven-3.8.8\repo\io\projectreactor\reactor-test\3.5.10\reactor-test-3.5.10.jar;C:\work\apache-maven-3.8.8\repo\org\mockito\mockito-core\5.3.1\mockito-core-5.3.1.jar;C:\work\apache-maven-3.8.8\repo\net\bytebuddy\byte-buddy-agent\1.14.8\byte-buddy-agent-1.14.8.jar;C:\work\apache-maven-3.8.8\repo\org\objenesis\objenesis\3.3\objenesis-3.3.jar;C:\work\apache-maven-3.8.8\repo\com\github\codemonstur\embedded-redis\1.4.2\embedded-redis-1.4.2.jar;C:\work\apache-maven-3.8.8\repo\redis\clients\jedis\4.3.2\jedis-4.3.2.jar;C:\work\apache-maven-3.8.8\repo\org\apache\commons\commons-pool2\2.11.1\commons-pool2-2.11.1.jar;C:\work\apache-maven-3.8.8\repo\org\json\json\20220320\json-20220320.jar;C:\work\apache-maven-3.8.8\repo\com\google\code\gson\gson\2.10.1\gson-2.10.1.jar;"/>
    <property name="java.vm.vendor" value="Oracle Corporation"/>
    <property name="sun.arch.data.model" value="64"/>
    <property name="user.variant" value=""/>
    <property name="java.vendor.url" value="https://java.oracle.com/"/>
    <property name="user.timezone" value="Asia/Shanghai"/>
    <property name="os.name" value="Windows 11"/>
    <property name="java.vm.specification.version" value="17"/>
    <property name="sun.java.launcher" value="SUN_STANDARD"/>
    <property name="user.country" value="CN"/>
    <property name="sun.boot.library.path" value="C:\work\jdk-17\bin"/>
    <property name="sun.java.command" value="C:\Users\joech\AppData\Local\Temp\surefire9675613813848394854\surefirebooter17327650139154201955.jar C:\Users\joech\AppData\Local\Temp\surefire9675613813848394854 2025-01-04T15-24-08_100-jvmRun1 surefire17834423160967289103tmp surefire_01755417867247847542tmp"/>
    <property name="jdk.debug" value="release"/>
    <property name="surefire.test.class.path" value="C:\code\hsbc\demo\ping\target\test-classes;C:\code\hsbc\demo\ping\target\classes;C:\work\apache-maven-3.8.8\repo\org\springframework\boot\spring-boot-starter-webflux\3.1.4\spring-boot-starter-webflux-3.1.4.jar;C:\work\apache-maven-3.8.8\repo\org\springframework\boot\spring-boot-starter\3.1.4\spring-boot-starter-3.1.4.jar;C:\work\apache-maven-3.8.8\repo\org\springframework\boot\spring-boot\3.1.4\spring-boot-3.1.4.jar;C:\work\apache-maven-3.8.8\repo\org\springframework\spring-context\6.0.12\spring-context-6.0.12.jar;C:\work\apache-maven-3.8.8\repo\org\springframework\spring-expression\6.0.12\spring-expression-6.0.12.jar;C:\work\apache-maven-3.8.8\repo\org\springframework\boot\spring-boot-autoconfigure\3.1.4\spring-boot-autoconfigure-3.1.4.jar;C:\work\apache-maven-3.8.8\repo\org\springframework\boot\spring-boot-starter-logging\3.1.4\spring-boot-starter-logging-3.1.4.jar;C:\work\apache-maven-3.8.8\repo\ch\qos\logback\logback-classic\1.4.11\logback-classic-1.4.11.jar;C:\work\apache-maven-3.8.8\repo\ch\qos\logback\logback-core\1.4.11\logback-core-1.4.11.jar;C:\work\apache-maven-3.8.8\repo\org\apache\logging\log4j\log4j-to-slf4j\2.20.0\log4j-to-slf4j-2.20.0.jar;C:\work\apache-maven-3.8.8\repo\org\apache\logging\log4j\log4j-api\2.20.0\log4j-api-2.20.0.jar;C:\work\apache-maven-3.8.8\repo\org\slf4j\jul-to-slf4j\2.0.9\jul-to-slf4j-2.0.9.jar;C:\work\apache-maven-3.8.8\repo\jakarta\annotation\jakarta.annotation-api\2.1.1\jakarta.annotation-api-2.1.1.jar;C:\work\apache-maven-3.8.8\repo\org\yaml\snakeyaml\1.33\snakeyaml-1.33.jar;C:\work\apache-maven-3.8.8\repo\org\springframework\boot\spring-boot-starter-json\3.1.4\spring-boot-starter-json-3.1.4.jar;C:\work\apache-maven-3.8.8\repo\com\fasterxml\jackson\datatype\jackson-datatype-jdk8\2.15.2\jackson-datatype-jdk8-2.15.2.jar;C:\work\apache-maven-3.8.8\repo\com\fasterxml\jackson\datatype\jackson-datatype-jsr310\2.15.2\jackson-datatype-jsr310-2.15.2.jar;C:\work\apache-maven-3.8.8\repo\com\fasterxml\jackson\module\jackson-module-parameter-names\2.15.2\jackson-module-parameter-names-2.15.2.jar;C:\work\apache-maven-3.8.8\repo\org\springframework\boot\spring-boot-starter-reactor-netty\3.1.4\spring-boot-starter-reactor-netty-3.1.4.jar;C:\work\apache-maven-3.8.8\repo\io\projectreactor\netty\reactor-netty-http\1.1.11\reactor-netty-http-1.1.11.jar;C:\work\apache-maven-3.8.8\repo\io\netty\netty-codec-http\4.1.97.Final\netty-codec-http-4.1.97.Final.jar;C:\work\apache-maven-3.8.8\repo\io\netty\netty-codec-http2\4.1.97.Final\netty-codec-http2-4.1.97.Final.jar;C:\work\apache-maven-3.8.8\repo\io\netty\netty-resolver-dns-native-macos\4.1.97.Final\netty-resolver-dns-native-macos-4.1.97.Final-osx-x86_64.jar;C:\work\apache-maven-3.8.8\repo\io\netty\netty-resolver-dns-classes-macos\4.1.97.Final\netty-resolver-dns-classes-macos-4.1.97.Final.jar;C:\work\apache-maven-3.8.8\repo\io\netty\netty-transport-native-epoll\4.1.97.Final\netty-transport-native-epoll-4.1.97.Final-linux-x86_64.jar;C:\work\apache-maven-3.8.8\repo\io\netty\netty-transport-classes-epoll\4.1.97.Final\netty-transport-classes-epoll-4.1.97.Final.jar;C:\work\apache-maven-3.8.8\repo\io\projectreactor\netty\reactor-netty-core\1.1.11\reactor-netty-core-1.1.11.jar;C:\work\apache-maven-3.8.8\repo\io\netty\netty-handler-proxy\4.1.97.Final\netty-handler-proxy-4.1.97.Final.jar;C:\work\apache-maven-3.8.8\repo\io\netty\netty-codec-socks\4.1.97.Final\netty-codec-socks-4.1.97.Final.jar;C:\work\apache-maven-3.8.8\repo\org\springframework\spring-web\6.0.12\spring-web-6.0.12.jar;C:\work\apache-maven-3.8.8\repo\org\springframework\spring-beans\6.0.12\spring-beans-6.0.12.jar;C:\work\apache-maven-3.8.8\repo\org\springframework\spring-webflux\6.0.12\spring-webflux-6.0.12.jar;C:\work\apache-maven-3.8.8\repo\io\micrometer\micrometer-core\1.11.4\micrometer-core-1.11.4.jar;C:\work\apache-maven-3.8.8\repo\io\micrometer\micrometer-commons\1.11.4\micrometer-commons-1.11.4.jar;C:\work\apache-maven-3.8.8\repo\io\micrometer\micrometer-observation\1.11.4\micrometer-observation-1.11.4.jar;C:\work\apache-maven-3.8.8\repo\org\hdrhistogram\HdrHistogram\2.1.12\HdrHistogram-2.1.12.jar;C:\work\apache-maven-3.8.8\repo\org\latencyutils\LatencyUtils\2.0.3\LatencyUtils-2.0.3.jar;C:\work\apache-maven-3.8.8\repo\org\springframework\boot\spring-boot-starter-actuator\3.1.4\spring-boot-starter-actuator-3.1.4.jar;C:\work\apache-maven-3.8.8\repo\org\springframework\boot\spring-boot-actuator-autoconfigure\3.1.4\spring-boot-actuator-autoconfigure-3.1.4.jar;C:\work\apache-maven-3.8.8\repo\org\springframework\boot\spring-boot-actuator\3.1.4\spring-boot-actuator-3.1.4.jar;C:\work\apache-maven-3.8.8\repo\io\micrometer\micrometer-registry-prometheus\1.11.4\micrometer-registry-prometheus-1.11.4.jar;C:\work\apache-maven-3.8.8\repo\io\prometheus\simpleclient_common\0.16.0\simpleclient_common-0.16.0.jar;C:\work\apache-maven-3.8.8\repo\io\prometheus\simpleclient\0.16.0\simpleclient-0.16.0.jar;C:\work\apache-maven-3.8.8\repo\io\prometheus\simpleclient_tracer_otel\0.16.0\simpleclient_tracer_otel-0.16.0.jar;C:\work\apache-maven-3.8.8\repo\io\prometheus\simpleclient_tracer_common\0.16.0\simpleclient_tracer_common-0.16.0.jar;C:\work\apache-maven-3.8.8\repo\io\prometheus\simpleclient_tracer_otel_agent\0.16.0\simpleclient_tracer_otel_agent-0.16.0.jar;C:\work\apache-maven-3.8.8\repo\com\google\guava\guava\19.0\guava-19.0.jar;C:\work\apache-maven-3.8.8\repo\commons-io\commons-io\2.11.0\commons-io-2.11.0.jar;C:\work\apache-maven-3.8.8\repo\org\redisson\redisson\3.21.3\redisson-3.21.3.jar;C:\work\apache-maven-3.8.8\repo\io\netty\netty-common\4.1.97.Final\netty-common-4.1.97.Final.jar;C:\work\apache-maven-3.8.8\repo\io\netty\netty-codec\4.1.97.Final\netty-codec-4.1.97.Final.jar;C:\work\apache-maven-3.8.8\repo\io\netty\netty-buffer\4.1.97.Final\netty-buffer-4.1.97.Final.jar;C:\work\apache-maven-3.8.8\repo\io\netty\netty-transport\4.1.97.Final\netty-transport-4.1.97.Final.jar;C:\work\apache-maven-3.8.8\repo\io\netty\netty-resolver\4.1.97.Final\netty-resolver-4.1.97.Final.jar;C:\work\apache-maven-3.8.8\repo\io\netty\netty-resolver-dns\4.1.97.Final\netty-resolver-dns-4.1.97.Final.jar;C:\work\apache-maven-3.8.8\repo\io\netty\netty-codec-dns\4.1.97.Final\netty-codec-dns-4.1.97.Final.jar;C:\work\apache-maven-3.8.8\repo\io\netty\netty-handler\4.1.97.Final\netty-handler-4.1.97.Final.jar;C:\work\apache-maven-3.8.8\repo\io\netty\netty-transport-native-unix-common\4.1.97.Final\netty-transport-native-unix-common-4.1.97.Final.jar;C:\work\apache-maven-3.8.8\repo\javax\cache\cache-api\1.1.1\cache-api-1.1.1.jar;C:\work\apache-maven-3.8.8\repo\io\projectreactor\reactor-core\3.5.10\reactor-core-3.5.10.jar;C:\work\apache-maven-3.8.8\repo\org\reactivestreams\reactive-streams\1.0.4\reactive-streams-1.0.4.jar;C:\work\apache-maven-3.8.8\repo\io\reactivex\rxjava3\rxjava\3.1.7\rxjava-3.1.7.jar;C:\work\apache-maven-3.8.8\repo\org\jboss\marshalling\jboss-marshalling\2.0.11.Final\jboss-marshalling-2.0.11.Final.jar;C:\work\apache-maven-3.8.8\repo\org\jboss\marshalling\jboss-marshalling-river\2.0.11.Final\jboss-marshalling-river-2.0.11.Final.jar;C:\work\apache-maven-3.8.8\repo\com\esotericsoftware\kryo\5.5.0\kryo-5.5.0.jar;C:\work\apache-maven-3.8.8\repo\com\esotericsoftware\reflectasm\1.11.9\reflectasm-1.11.9.jar;C:\work\apache-maven-3.8.8\repo\com\esotericsoftware\minlog\1.3.1\minlog-1.3.1.jar;C:\work\apache-maven-3.8.8\repo\org\slf4j\slf4j-api\2.0.9\slf4j-api-2.0.9.jar;C:\work\apache-maven-3.8.8\repo\com\fasterxml\jackson\core\jackson-annotations\2.15.2\jackson-annotations-2.15.2.jar;C:\work\apache-maven-3.8.8\repo\com\fasterxml\jackson\dataformat\jackson-dataformat-yaml\2.15.2\jackson-dataformat-yaml-2.15.2.jar;C:\work\apache-maven-3.8.8\repo\com\fasterxml\jackson\core\jackson-core\2.15.2\jackson-core-2.15.2.jar;C:\work\apache-maven-3.8.8\repo\com\fasterxml\jackson\core\jackson-databind\2.15.2\jackson-databind-2.15.2.jar;C:\work\apache-maven-3.8.8\repo\net\bytebuddy\byte-buddy\1.14.8\byte-buddy-1.14.8.jar;C:\work\apache-maven-3.8.8\repo\org\jodd\jodd-bean\5.1.6\jodd-bean-5.1.6.jar;C:\work\apache-maven-3.8.8\repo\org\jodd\jodd-core\5.1.6\jodd-core-5.1.6.jar;C:\work\apache-maven-3.8.8\repo\org\springframework\boot\spring-boot-starter-data-redis\3.1.4\spring-boot-starter-data-redis-3.1.4.jar;C:\work\apache-maven-3.8.8\repo\org\springframework\data\spring-data-redis\3.1.4\spring-data-redis-3.1.4.jar;C:\work\apache-maven-3.8.8\repo\org\springframework\data\spring-data-keyvalue\3.1.4\spring-data-keyvalue-3.1.4.jar;C:\work\apache-maven-3.8.8\repo\org\springframework\data\spring-data-commons\3.1.4\spring-data-commons-3.1.4.jar;C:\work\apache-maven-3.8.8\repo\org\springframework\spring-tx\6.0.12\spring-tx-6.0.12.jar;C:\work\apache-maven-3.8.8\repo\org\springframework\spring-oxm\6.0.12\spring-oxm-6.0.12.jar;C:\work\apache-maven-3.8.8\repo\org\springframework\spring-aop\6.0.12\spring-aop-6.0.12.jar;C:\work\apache-maven-3.8.8\repo\org\springframework\spring-context-support\6.0.12\spring-context-support-6.0.12.jar;C:\work\apache-maven-3.8.8\repo\io\lettuce\lettuce-core\6.2.6.RELEASE\lettuce-core-6.2.6.RELEASE.jar;C:\work\apache-maven-3.8.8\repo\com\squareup\okhttp3\mockwebserver\4.11.0\mockwebserver-4.11.0.jar;C:\work\apache-maven-3.8.8\repo\junit\junit\4.13.2\junit-4.13.2.jar;C:\work\apache-maven-3.8.8\repo\org\hamcrest\hamcrest-core\2.2\hamcrest-core-2.2.jar;C:\work\apache-maven-3.8.8\repo\org\jetbrains\kotlin\kotlin-stdlib-jdk8\1.8.22\kotlin-stdlib-jdk8-1.8.22.jar;C:\work\apache-maven-3.8.8\repo\org\jetbrains\kotlin\kotlin-stdlib-jdk7\1.8.22\kotlin-stdlib-jdk7-1.8.22.jar;C:\work\apache-maven-3.8.8\repo\com\squareup\okhttp3\okhttp\4.11.0\okhttp-4.11.0.jar;C:\work\apache-maven-3.8.8\repo\com\squareup\okio\okio\3.2.0\okio-3.2.0.jar;C:\work\apache-maven-3.8.8\repo\com\squareup\okio\okio-jvm\3.2.0\okio-jvm-3.2.0.jar;C:\work\apache-maven-3.8.8\repo\org\jetbrains\kotlin\kotlin-stdlib\1.8.22\kotlin-stdlib-1.8.22.jar;C:\work\apache-maven-3.8.8\repo\org\jetbrains\kotlin\kotlin-stdlib-common\1.8.22\kotlin-stdlib-common-1.8.22.jar;C:\work\apache-maven-3.8.8\repo\org\jetbrains\annotations\13.0\annotations-13.0.jar;C:\work\apache-maven-3.8.8\repo\org\springframework\boot\spring-boot-starter-test\3.1.4\spring-boot-starter-test-3.1.4.jar;C:\work\apache-maven-3.8.8\repo\org\springframework\boot\spring-boot-test\3.1.4\spring-boot-test-3.1.4.jar;C:\work\apache-maven-3.8.8\repo\org\springframework\boot\spring-boot-test-autoconfigure\3.1.4\spring-boot-test-autoconfigure-3.1.4.jar;C:\work\apache-maven-3.8.8\repo\com\jayway\jsonpath\json-path\2.8.0\json-path-2.8.0.jar;C:\work\apache-maven-3.8.8\repo\jakarta\xml\bind\jakarta.xml.bind-api\4.0.1\jakarta.xml.bind-api-4.0.1.jar;C:\work\apache-maven-3.8.8\repo\jakarta\activation\jakarta.activation-api\2.1.2\jakarta.activation-api-2.1.2.jar;C:\work\apache-maven-3.8.8\repo\net\minidev\json-smart\2.4.11\json-smart-2.4.11.jar;C:\work\apache-maven-3.8.8\repo\net\minidev\accessors-smart\2.4.11\accessors-smart-2.4.11.jar;C:\work\apache-maven-3.8.8\repo\org\ow2\asm\asm\9.3\asm-9.3.jar;C:\work\apache-maven-3.8.8\repo\org\assertj\assertj-core\3.24.2\assertj-core-3.24.2.jar;C:\work\apache-maven-3.8.8\repo\org\hamcrest\hamcrest\2.2\hamcrest-2.2.jar;C:\work\apache-maven-3.8.8\repo\org\junit\jupiter\junit-jupiter\5.9.3\junit-jupiter-5.9.3.jar;C:\work\apache-maven-3.8.8\repo\org\junit\jupiter\junit-jupiter-api\5.9.3\junit-jupiter-api-5.9.3.jar;C:\work\apache-maven-3.8.8\repo\org\junit\jupiter\junit-jupiter-params\5.9.3\junit-jupiter-params-5.9.3.jar;C:\work\apache-maven-3.8.8\repo\org\junit\jupiter\junit-jupiter-engine\5.9.3\junit-jupiter-engine-5.9.3.jar;C:\work\apache-maven-3.8.8\repo\org\mockito\mockito-junit-jupiter\5.3.1\mockito-junit-jupiter-5.3.1.jar;C:\work\apache-maven-3.8.8\repo\org\skyscreamer\jsonassert\1.5.1\jsonassert-1.5.1.jar;C:\work\apache-maven-3.8.8\repo\com\vaadin\external\google\android-json\0.0.20131108.vaadin1\android-json-0.0.20131108.vaadin1.jar;C:\work\apache-maven-3.8.8\repo\org\springframework\spring-core\6.0.12\spring-core-6.0.12.jar;C:\work\apache-maven-3.8.8\repo\org\springframework\spring-jcl\6.0.12\spring-jcl-6.0.12.jar;C:\work\apache-maven-3.8.8\repo\org\springframework\spring-test\6.0.12\spring-test-6.0.12.jar;C:\work\apache-maven-3.8.8\repo\org\xmlunit\xmlunit-core\2.9.1\xmlunit-core-2.9.1.jar;C:\work\apache-maven-3.8.8\repo\org\apache\groovy\groovy\4.0.15\groovy-4.0.15.jar;C:\work\apache-maven-3.8.8\repo\org\apache\groovy\groovy-ant\4.0.15\groovy-ant-4.0.15.jar;C:\work\apache-maven-3.8.8\repo\org\apache\ant\ant\1.10.14\ant-1.10.14.jar;C:\work\apache-maven-3.8.8\repo\org\apache\ant\ant-junit\1.10.14\ant-junit-1.10.14.jar;C:\work\apache-maven-3.8.8\repo\org\apache\ant\ant-launcher\1.10.14\ant-launcher-1.10.14.jar;C:\work\apache-maven-3.8.8\repo\org\apache\ant\ant-antlr\1.10.14\ant-antlr-1.10.14.jar;C:\work\apache-maven-3.8.8\repo\org\apache\groovy\groovy-cli-picocli\4.0.15\groovy-cli-picocli-4.0.15.jar;C:\work\apache-maven-3.8.8\repo\info\picocli\picocli\4.7.5\picocli-4.7.5.jar;C:\work\apache-maven-3.8.8\repo\org\apache\groovy\groovy-console\4.0.15\groovy-console-4.0.15.jar;C:\work\apache-maven-3.8.8\repo\com\github\javaparser\javaparser-core\3.25.5\javaparser-core-3.25.5.jar;C:\work\apache-maven-3.8.8\repo\org\ow2\asm\asm-util\9.5\asm-util-9.5.jar;C:\work\apache-maven-3.8.8\repo\org\ow2\asm\asm-tree\9.5\asm-tree-9.5.jar;C:\work\apache-maven-3.8.8\repo\org\ow2\asm\asm-analysis\9.5\asm-analysis-9.5.jar;C:\work\apache-maven-3.8.8\repo\org\abego\treelayout\org.abego.treelayout.core\1.0.3\org.abego.treelayout.core-1.0.3.jar;C:\work\apache-maven-3.8.8\repo\org\apache\ivy\ivy\2.5.2\ivy-2.5.2.jar;C:\work\apache-maven-3.8.8\repo\org\apache\groovy\groovy-datetime\4.0.15\groovy-datetime-4.0.15.jar;C:\work\apache-maven-3.8.8\repo\org\apache\groovy\groovy-docgenerator\4.0.15\groovy-docgenerator-4.0.15.jar;C:\work\apache-maven-3.8.8\repo\com\thoughtworks\qdox\qdox\1.12.1\qdox-1.12.1.jar;C:\work\apache-maven-3.8.8\repo\org\apache\groovy\groovy-groovydoc\4.0.15\groovy-groovydoc-4.0.15.jar;C:\work\apache-maven-3.8.8\repo\org\apache\groovy\groovy-groovysh\4.0.15\groovy-groovysh-4.0.15.jar;C:\work\apache-maven-3.8.8\repo\jline\jline\2.14.6\jline-2.14.6.jar;C:\work\apache-maven-3.8.8\repo\org\apache\groovy\groovy-jmx\4.0.15\groovy-jmx-4.0.15.jar;C:\work\apache-maven-3.8.8\repo\org\apache\groovy\groovy-json\4.0.15\groovy-json-4.0.15.jar;C:\work\apache-maven-3.8.8\repo\org\apache\groovy\groovy-jsr223\4.0.15\groovy-jsr223-4.0.15.jar;C:\work\apache-maven-3.8.8\repo\org\apache\groovy\groovy-macro\4.0.15\groovy-macro-4.0.15.jar;C:\work\apache-maven-3.8.8\repo\org\apache\groovy\groovy-nio\4.0.15\groovy-nio-4.0.15.jar;C:\work\apache-maven-3.8.8\repo\org\apache\groovy\groovy-servlet\4.0.15\groovy-servlet-4.0.15.jar;C:\work\apache-maven-3.8.8\repo\org\apache\groovy\groovy-sql\4.0.15\groovy-sql-4.0.15.jar;C:\work\apache-maven-3.8.8\repo\org\apache\groovy\groovy-swing\4.0.15\groovy-swing-4.0.15.jar;C:\work\apache-maven-3.8.8\repo\org\apache\groovy\groovy-templates\4.0.15\groovy-templates-4.0.15.jar;C:\work\apache-maven-3.8.8\repo\org\apache\groovy\groovy-test\4.0.15\groovy-test-4.0.15.jar;C:\work\apache-maven-3.8.8\repo\org\apache\groovy\groovy-test-junit5\4.0.15\groovy-test-junit5-4.0.15.jar;C:\work\apache-maven-3.8.8\repo\org\junit\platform\junit-platform-launcher\1.9.3\junit-platform-launcher-1.9.3.jar;C:\work\apache-maven-3.8.8\repo\org\apache\groovy\groovy-xml\4.0.15\groovy-xml-4.0.15.jar;C:\work\apache-maven-3.8.8\repo\org\apache\groovy\groovy-yaml\4.0.15\groovy-yaml-4.0.15.jar;C:\work\apache-maven-3.8.8\repo\org\spockframework\spock-core\2.4-M1-groovy-4.0\spock-core-2.4-M1-groovy-4.0.jar;C:\work\apache-maven-3.8.8\repo\org\junit\platform\junit-platform-engine\1.9.3\junit-platform-engine-1.9.3.jar;C:\work\apache-maven-3.8.8\repo\org\opentest4j\opentest4j\1.2.0\opentest4j-1.2.0.jar;C:\work\apache-maven-3.8.8\repo\org\junit\platform\junit-platform-commons\1.9.3\junit-platform-commons-1.9.3.jar;C:\work\apache-maven-3.8.8\repo\org\apiguardian\apiguardian-api\1.1.2\apiguardian-api-1.1.2.jar;C:\work\apache-maven-3.8.8\repo\org\spockframework\spock-spring\2.4-M1-groovy-4.0\spock-spring-2.4-M1-groovy-4.0.jar;C:\work\apache-maven-3.8.8\repo\com\athaydes\spock-reports\2.5.1-groovy-4.0\spock-reports-2.5.1-groovy-4.0.jar;C:\work\apache-maven-3.8.8\repo\io\projectreactor\reactor-test\3.5.10\reactor-test-3.5.10.jar;C:\work\apache-maven-3.8.8\repo\org\mockito\mockito-core\5.3.1\mockito-core-5.3.1.jar;C:\work\apache-maven-3.8.8\repo\net\bytebuddy\byte-buddy-agent\1.14.8\byte-buddy-agent-1.14.8.jar;C:\work\apache-maven-3.8.8\repo\org\objenesis\objenesis\3.3\objenesis-3.3.jar;C:\work\apache-maven-3.8.8\repo\com\github\codemonstur\embedded-redis\1.4.2\embedded-redis-1.4.2.jar;C:\work\apache-maven-3.8.8\repo\redis\clients\jedis\4.3.2\jedis-4.3.2.jar;C:\work\apache-maven-3.8.8\repo\org\apache\commons\commons-pool2\2.11.1\commons-pool2-2.11.1.jar;C:\work\apache-maven-3.8.8\repo\org\json\json\20220320\json-20220320.jar;C:\work\apache-maven-3.8.8\repo\com\google\code\gson\gson\2.10.1\gson-2.10.1.jar;"/>
    <property name="sun.cpu.endian" value="little"/>
    <property name="user.home" value="C:\Users\joech"/>
    <property name="user.language" value="zh"/>
    <property name="java.specification.vendor" value="Oracle Corporation"/>
    <property name="java.version.date" value="2024-07-16"/>
    <property name="java.home" value="C:\work\jdk-17"/>
    <property name="file.separator" value="\"/>
    <property name="basedir" value="C:\code\hsbc\demo\ping"/>
    <property name="java.vm.compressedOopsMode" value="Zero based"/>
    <property name="line.separator" value="&#10;"/>
    <property name="java.vm.specification.vendor" value="Oracle Corporation"/>
    <property name="java.specification.name" value="Java Platform API Specification"/>
    <property name="surefire.real.class.path" value="C:\Users\joech\AppData\Local\Temp\surefire9675613813848394854\surefirebooter17327650139154201955.jar"/>
    <property name="user.script" value=""/>
    <property name="sun.management.compiler" value="HotSpot 64-Bit Tiered Compilers"/>
    <property name="java.runtime.version" value="17.0.12+8-LTS-286"/>
    <property name="user.name" value="joech"/>
    <property name="path.separator" value=";"/>
    <property name="os.version" value="10.0"/>
    <property name="java.runtime.name" value="Java(TM) SE Runtime Environment"/>
    <property name="file.encoding" value="GBK"/>
    <property name="java.vm.name" value="Java HotSpot(TM) 64-Bit Server VM"/>
    <property name="localRepository" value="C:\work\apache-maven-3.8.8\repo"/>
    <property name="java.vendor.url.bug" value="https://bugreport.java.com/bugreport/"/>
    <property name="java.io.tmpdir" value="C:\Users\joech\AppData\Local\Temp\"/>
    <property name="java.version" value="17.0.12"/>
    <property name="user.dir" value="C:\code\hsbc\demo\ping"/>
    <property name="os.arch" value="amd64"/>
    <property name="java.vm.specification.name" value="Java Virtual Machine Specification"/>
    <property name="sun.os.patch.level" value=""/>
    <property name="native.encoding" value="GBK"/>
    <property name="java.library.path" value="C:\work\jdk-17\bin;C:\windows\Sun\Java\bin;C:\windows\system32;C:\windows;C:\work\python312\Scripts\;C:\work\python312\;C:\windows\system32;C:\windows;C:\windows\System32\Wbem;C:\windows\System32\WindowsPowerShell\v1.0\;C:\windows\System32\OpenSSH\;C:\Program\Git\cmd;C:\Program\PowerShell\7\;C:\Program Files\dotnet\;;C:\Program Files\Docker\Docker\resources\bin;C:\Users\joech\AppData\Local\Microsoft\WindowsApps;C:\Users\joech\AppData\Local\GitHubDesktop\bin;C:\Program\Microsoft VS Code\bin;C:\work\apache-maven-3.8.8\bin;C:\Program Files\Tesseract-OCR;C:\work\jdk-17\bin;;."/>
    <property name="java.vm.info" value="mixed mode, sharing"/>
    <property name="java.vendor" value="Oracle Corporation"/>
    <property name="java.vm.version" value="17.0.12+8-LTS-286"/>
    <property name="sun.io.unicode.encoding" value="UnicodeLittle"/>
    <property name="java.class.version" value="61.0"/>
  </properties>
  <testcase name="should throttled correctly" classname="com.demo.service.impl.RedisThrottlingServiceSpec" time="6.09"/>
</testsuite>