<?xml version="1.0" encoding="UTF-8"?>
<testsuite xmlns:xsi="http://www.w3.org/2001/XMLSchema-instance" xsi:noNamespaceSchemaLocation="https://maven.apache.org/surefire/maven-surefire-plugin/xsd/surefire-test-report.xsd" name="KafkaSpec" time="18.286" tests="1" errors="0" skipped="0" failures="0">
  <properties>
    <property name="java.specification.version" value="17"/>
    <property name="sun.cpu.isalist" value="amd64"/>
    <property name="sun.jnu.encoding" value="GBK"/>
    <property name="java.class.path" value="C:\code\hsbc\demo\pong\target\test-classes;C:\code\hsbc\demo\pong\target\classes;C:\work\apache-maven-3.8.8\repo\org\springframework\boot\spring-boot-starter-webflux\3.1.4\spring-boot-starter-webflux-3.1.4.jar;C:\work\apache-maven-3.8.8\repo\org\springframework\boot\spring-boot-starter\3.1.4\spring-boot-starter-3.1.4.jar;C:\work\apache-maven-3.8.8\repo\org\springframework\boot\spring-boot\3.1.4\spring-boot-3.1.4.jar;C:\work\apache-maven-3.8.8\repo\org\springframework\boot\spring-boot-autoconfigure\3.1.4\spring-boot-autoconfigure-3.1.4.jar;C:\work\apache-maven-3.8.8\repo\org\springframework\boot\spring-boot-starter-logging\3.1.4\spring-boot-starter-logging-3.1.4.jar;C:\work\apache-maven-3.8.8\repo\ch\qos\logback\logback-classic\1.4.11\logback-classic-1.4.11.jar;C:\work\apache-maven-3.8.8\repo\ch\qos\logback\logback-core\1.4.11\logback-core-1.4.11.jar;C:\work\apache-maven-3.8.8\repo\org\apache\logging\log4j\log4j-to-slf4j\2.20.0\log4j-to-slf4j-2.20.0.jar;C:\work\apache-maven-3.8.8\repo\org\apache\logging\log4j\log4j-api\2.20.0\log4j-api-2.20.0.jar;C:\work\apache-maven-3.8.8\repo\org\slf4j\jul-to-slf4j\2.0.9\jul-to-slf4j-2.0.9.jar;C:\work\apache-maven-3.8.8\repo\jakarta\annotation\jakarta.annotation-api\2.1.1\jakarta.annotation-api-2.1.1.jar;C:\work\apache-maven-3.8.8\repo\org\yaml\snakeyaml\1.33\snakeyaml-1.33.jar;C:\work\apache-maven-3.8.8\repo\org\springframework\boot\spring-boot-starter-json\3.1.4\spring-boot-starter-json-3.1.4.jar;C:\work\apache-maven-3.8.8\repo\com\fasterxml\jackson\core\jackson-databind\2.15.2\jackson-databind-2.15.2.jar;C:\work\apache-maven-3.8.8\repo\com\fasterxml\jackson\core\jackson-annotations\2.15.2\jackson-annotations-2.15.2.jar;C:\work\apache-maven-3.8.8\repo\com\fasterxml\jackson\core\jackson-core\2.15.2\jackson-core-2.15.2.jar;C:\work\apache-maven-3.8.8\repo\com\fasterxml\jackson\datatype\jackson-datatype-jdk8\2.15.2\jackson-datatype-jdk8-2.15.2.jar;C:\work\apache-maven-3.8.8\repo\com\fasterxml\jackson\datatype\jackson-datatype-jsr310\2.15.2\jackson-datatype-jsr310-2.15.2.jar;C:\work\apache-maven-3.8.8\repo\com\fasterxml\jackson\module\jackson-module-parameter-names\2.15.2\jackson-module-parameter-names-2.15.2.jar;C:\work\apache-maven-3.8.8\repo\org\springframework\boot\spring-boot-starter-reactor-netty\3.1.4\spring-boot-starter-reactor-netty-3.1.4.jar;C:\work\apache-maven-3.8.8\repo\io\projectreactor\netty\reactor-netty-http\1.1.11\reactor-netty-http-1.1.11.jar;C:\work\apache-maven-3.8.8\repo\io\netty\netty-codec-http\4.1.97.Final\netty-codec-http-4.1.97.Final.jar;C:\work\apache-maven-3.8.8\repo\io\netty\netty-codec-http2\4.1.97.Final\netty-codec-http2-4.1.97.Final.jar;C:\work\apache-maven-3.8.8\repo\io\netty\netty-resolver-dns\4.1.97.Final\netty-resolver-dns-4.1.97.Final.jar;C:\work\apache-maven-3.8.8\repo\io\netty\netty-codec-dns\4.1.97.Final\netty-codec-dns-4.1.97.Final.jar;C:\work\apache-maven-3.8.8\repo\io\netty\netty-resolver-dns-native-macos\4.1.97.Final\netty-resolver-dns-native-macos-4.1.97.Final-osx-x86_64.jar;C:\work\apache-maven-3.8.8\repo\io\netty\netty-resolver-dns-classes-macos\4.1.97.Final\netty-resolver-dns-classes-macos-4.1.97.Final.jar;C:\work\apache-maven-3.8.8\repo\io\netty\netty-transport-native-epoll\4.1.97.Final\netty-transport-native-epoll-4.1.97.Final-linux-x86_64.jar;C:\work\apache-maven-3.8.8\repo\io\projectreactor\netty\reactor-netty-core\1.1.11\reactor-netty-core-1.1.11.jar;C:\work\apache-maven-3.8.8\repo\io\netty\netty-handler-proxy\4.1.97.Final\netty-handler-proxy-4.1.97.Final.jar;C:\work\apache-maven-3.8.8\repo\io\netty\netty-codec-socks\4.1.97.Final\netty-codec-socks-4.1.97.Final.jar;C:\work\apache-maven-3.8.8\repo\org\springframework\spring-web\6.0.12\spring-web-6.0.12.jar;C:\work\apache-maven-3.8.8\repo\org\springframework\spring-beans\6.0.12\spring-beans-6.0.12.jar;C:\work\apache-maven-3.8.8\repo\org\springframework\spring-webflux\6.0.12\spring-webflux-6.0.12.jar;C:\work\apache-maven-3.8.8\repo\io\projectreactor\reactor-core\3.5.10\reactor-core-3.5.10.jar;C:\work\apache-maven-3.8.8\repo\org\reactivestreams\reactive-streams\1.0.4\reactive-streams-1.0.4.jar;C:\work\apache-maven-3.8.8\repo\com\google\guava\guava\19.0\guava-19.0.jar;C:\work\apache-maven-3.8.8\repo\commons-io\commons-io\2.11.0\commons-io-2.11.0.jar;C:\work\apache-maven-3.8.8\repo\org\springframework\boot\spring-boot-starter-data-redis\3.1.4\spring-boot-starter-data-redis-3.1.4.jar;C:\work\apache-maven-3.8.8\repo\org\springframework\data\spring-data-redis\3.1.4\spring-data-redis-3.1.4.jar;C:\work\apache-maven-3.8.8\repo\org\springframework\data\spring-data-keyvalue\3.1.4\spring-data-keyvalue-3.1.4.jar;C:\work\apache-maven-3.8.8\repo\org\springframework\spring-oxm\6.0.12\spring-oxm-6.0.12.jar;C:\work\apache-maven-3.8.8\repo\org\springframework\spring-aop\6.0.12\spring-aop-6.0.12.jar;C:\work\apache-maven-3.8.8\repo\org\springframework\spring-context-support\6.0.12\spring-context-support-6.0.12.jar;C:\work\apache-maven-3.8.8\repo\io\lettuce\lettuce-core\6.2.6.RELEASE\lettuce-core-6.2.6.RELEASE.jar;C:\work\apache-maven-3.8.8\repo\io\netty\netty-common\4.1.97.Final\netty-common-4.1.97.Final.jar;C:\work\apache-maven-3.8.8\repo\io\netty\netty-handler\4.1.97.Final\netty-handler-4.1.97.Final.jar;C:\work\apache-maven-3.8.8\repo\io\netty\netty-resolver\4.1.97.Final\netty-resolver-4.1.97.Final.jar;C:\work\apache-maven-3.8.8\repo\io\netty\netty-buffer\4.1.97.Final\netty-buffer-4.1.97.Final.jar;C:\work\apache-maven-3.8.8\repo\io\netty\netty-transport-native-unix-common\4.1.97.Final\netty-transport-native-unix-common-4.1.97.Final.jar;C:\work\apache-maven-3.8.8\repo\io\netty\netty-codec\4.1.97.Final\netty-codec-4.1.97.Final.jar;C:\work\apache-maven-3.8.8\repo\io\netty\netty-transport\4.1.97.Final\netty-transport-4.1.97.Final.jar;C:\work\apache-maven-3.8.8\repo\org\springframework\boot\spring-boot-starter-data-jpa\3.1.4\spring-boot-starter-data-jpa-3.1.4.jar;C:\work\apache-maven-3.8.8\repo\org\springframework\boot\spring-boot-starter-aop\3.1.4\spring-boot-starter-aop-3.1.4.jar;C:\work\apache-maven-3.8.8\repo\org\aspectj\aspectjweaver\1.9.20\aspectjweaver-1.9.20.jar;C:\work\apache-maven-3.8.8\repo\org\springframework\boot\spring-boot-starter-jdbc\3.1.4\spring-boot-starter-jdbc-3.1.4.jar;C:\work\apache-maven-3.8.8\repo\com\zaxxer\HikariCP\5.0.1\HikariCP-5.0.1.jar;C:\work\apache-maven-3.8.8\repo\org\springframework\spring-jdbc\6.0.12\spring-jdbc-6.0.12.jar;C:\work\apache-maven-3.8.8\repo\org\hibernate\orm\hibernate-core\6.2.9.Final\hibernate-core-6.2.9.Final.jar;C:\work\apache-maven-3.8.8\repo\jakarta\persistence\jakarta.persistence-api\3.1.0\jakarta.persistence-api-3.1.0.jar;C:\work\apache-maven-3.8.8\repo\jakarta\transaction\jakarta.transaction-api\2.0.1\jakarta.transaction-api-2.0.1.jar;C:\work\apache-maven-3.8.8\repo\org\jboss\logging\jboss-logging\3.5.3.Final\jboss-logging-3.5.3.Final.jar;C:\work\apache-maven-3.8.8\repo\org\hibernate\common\hibernate-commons-annotations\6.0.6.Final\hibernate-commons-annotations-6.0.6.Final.jar;C:\work\apache-maven-3.8.8\repo\io\smallrye\jandex\3.0.5\jandex-3.0.5.jar;C:\work\apache-maven-3.8.8\repo\com\fasterxml\classmate\1.5.1\classmate-1.5.1.jar;C:\work\apache-maven-3.8.8\repo\net\bytebuddy\byte-buddy\1.14.8\byte-buddy-1.14.8.jar;C:\work\apache-maven-3.8.8\repo\org\glassfish\jaxb\jaxb-runtime\4.0.3\jaxb-runtime-4.0.3.jar;C:\work\apache-maven-3.8.8\repo\org\glassfish\jaxb\jaxb-core\4.0.3\jaxb-core-4.0.3.jar;C:\work\apache-maven-3.8.8\repo\org\eclipse\angus\angus-activation\2.0.1\angus-activation-2.0.1.jar;C:\work\apache-maven-3.8.8\repo\org\glassfish\jaxb\txw2\4.0.3\txw2-4.0.3.jar;C:\work\apache-maven-3.8.8\repo\com\sun\istack\istack-commons-runtime\4.1.2\istack-commons-runtime-4.1.2.jar;C:\work\apache-maven-3.8.8\repo\jakarta\inject\jakarta.inject-api\2.0.1\jakarta.inject-api-2.0.1.jar;C:\work\apache-maven-3.8.8\repo\org\antlr\antlr4-runtime\4.10.1\antlr4-runtime-4.10.1.jar;C:\work\apache-maven-3.8.8\repo\org\springframework\data\spring-data-jpa\3.1.4\spring-data-jpa-3.1.4.jar;C:\work\apache-maven-3.8.8\repo\org\springframework\data\spring-data-commons\3.1.4\spring-data-commons-3.1.4.jar;C:\work\apache-maven-3.8.8\repo\org\springframework\spring-orm\6.0.12\spring-orm-6.0.12.jar;C:\work\apache-maven-3.8.8\repo\org\springframework\spring-aspects\6.0.12\spring-aspects-6.0.12.jar;C:\work\apache-maven-3.8.8\repo\org\postgresql\postgresql\42.6.0\postgresql-42.6.0.jar;C:\work\apache-maven-3.8.8\repo\org\checkerframework\checker-qual\3.31.0\checker-qual-3.31.0.jar;C:\work\apache-maven-3.8.8\repo\org\springframework\kafka\spring-kafka\3.0.11\spring-kafka-3.0.11.jar;C:\work\apache-maven-3.8.8\repo\org\springframework\spring-context\6.0.12\spring-context-6.0.12.jar;C:\work\apache-maven-3.8.8\repo\org\springframework\spring-expression\6.0.12\spring-expression-6.0.12.jar;C:\work\apache-maven-3.8.8\repo\org\springframework\spring-messaging\6.0.12\spring-messaging-6.0.12.jar;C:\work\apache-maven-3.8.8\repo\org\springframework\spring-tx\6.0.12\spring-tx-6.0.12.jar;C:\work\apache-maven-3.8.8\repo\org\springframework\retry\spring-retry\2.0.3\spring-retry-2.0.3.jar;C:\work\apache-maven-3.8.8\repo\io\micrometer\micrometer-observation\1.11.4\micrometer-observation-1.11.4.jar;C:\work\apache-maven-3.8.8\repo\io\micrometer\micrometer-commons\1.11.4\micrometer-commons-1.11.4.jar;C:\work\apache-maven-3.8.8\repo\com\google\code\findbugs\jsr305\3.0.2\jsr305-3.0.2.jar;C:\work\apache-maven-3.8.8\repo\org\apache\kafka\kafka-clients\3.4.1\kafka-clients-3.4.1.jar;C:\work\apache-maven-3.8.8\repo\com\github\luben\zstd-jni\1.5.2-1\zstd-jni-1.5.2-1.jar;C:\work\apache-maven-3.8.8\repo\org\lz4\lz4-java\1.8.0\lz4-java-1.8.0.jar;C:\work\apache-maven-3.8.8\repo\org\xerial\snappy\snappy-java\1.1.8.4\snappy-java-1.1.8.4.jar;C:\work\apache-maven-3.8.8\repo\org\slf4j\slf4j-api\2.0.9\slf4j-api-2.0.9.jar;C:\work\apache-maven-3.8.8\repo\com\h2database\h2\1.4.200\h2-1.4.200.jar;C:\work\apache-maven-3.8.8\repo\org\springframework\boot\spring-boot-starter-test\3.1.4\spring-boot-starter-test-3.1.4.jar;C:\work\apache-maven-3.8.8\repo\org\springframework\boot\spring-boot-test\3.1.4\spring-boot-test-3.1.4.jar;C:\work\apache-maven-3.8.8\repo\org\springframework\boot\spring-boot-test-autoconfigure\3.1.4\spring-boot-test-autoconfigure-3.1.4.jar;C:\work\apache-maven-3.8.8\repo\com\jayway\jsonpath\json-path\2.8.0\json-path-2.8.0.jar;C:\work\apache-maven-3.8.8\repo\jakarta\xml\bind\jakarta.xml.bind-api\4.0.1\jakarta.xml.bind-api-4.0.1.jar;C:\work\apache-maven-3.8.8\repo\jakarta\activation\jakarta.activation-api\2.1.2\jakarta.activation-api-2.1.2.jar;C:\work\apache-maven-3.8.8\repo\net\minidev\json-smart\2.4.11\json-smart-2.4.11.jar;C:\work\apache-maven-3.8.8\repo\net\minidev\accessors-smart\2.4.11\accessors-smart-2.4.11.jar;C:\work\apache-maven-3.8.8\repo\org\ow2\asm\asm\9.3\asm-9.3.jar;C:\work\apache-maven-3.8.8\repo\org\assertj\assertj-core\3.24.2\assertj-core-3.24.2.jar;C:\work\apache-maven-3.8.8\repo\org\hamcrest\hamcrest\2.2\hamcrest-2.2.jar;C:\work\apache-maven-3.8.8\repo\org\junit\jupiter\junit-jupiter\5.9.3\junit-jupiter-5.9.3.jar;C:\work\apache-maven-3.8.8\repo\org\junit\jupiter\junit-jupiter-params\5.9.3\junit-jupiter-params-5.9.3.jar;C:\work\apache-maven-3.8.8\repo\org\junit\jupiter\junit-jupiter-engine\5.9.3\junit-jupiter-engine-5.9.3.jar;C:\work\apache-maven-3.8.8\repo\org\mockito\mockito-core\5.3.1\mockito-core-5.3.1.jar;C:\work\apache-maven-3.8.8\repo\net\bytebuddy\byte-buddy-agent\1.14.8\byte-buddy-agent-1.14.8.jar;C:\work\apache-maven-3.8.8\repo\org\objenesis\objenesis\3.3\objenesis-3.3.jar;C:\work\apache-maven-3.8.8\repo\org\mockito\mockito-junit-jupiter\5.3.1\mockito-junit-jupiter-5.3.1.jar;C:\work\apache-maven-3.8.8\repo\org\skyscreamer\jsonassert\1.5.1\jsonassert-1.5.1.jar;C:\work\apache-maven-3.8.8\repo\com\vaadin\external\google\android-json\0.0.20131108.vaadin1\android-json-0.0.20131108.vaadin1.jar;C:\work\apache-maven-3.8.8\repo\org\springframework\spring-core\6.0.12\spring-core-6.0.12.jar;C:\work\apache-maven-3.8.8\repo\org\springframework\spring-jcl\6.0.12\spring-jcl-6.0.12.jar;C:\work\apache-maven-3.8.8\repo\org\springframework\spring-test\6.0.12\spring-test-6.0.12.jar;C:\work\apache-maven-3.8.8\repo\org\xmlunit\xmlunit-core\2.9.1\xmlunit-core-2.9.1.jar;C:\work\apache-maven-3.8.8\repo\org\apache\groovy\groovy\4.0.15\groovy-4.0.15.jar;C:\work\apache-maven-3.8.8\repo\org\apache\groovy\groovy-ant\4.0.15\groovy-ant-4.0.15.jar;C:\work\apache-maven-3.8.8\repo\org\apache\ant\ant\1.10.14\ant-1.10.14.jar;C:\work\apache-maven-3.8.8\repo\org\apache\ant\ant-junit\1.10.14\ant-junit-1.10.14.jar;C:\work\apache-maven-3.8.8\repo\org\apache\ant\ant-launcher\1.10.14\ant-launcher-1.10.14.jar;C:\work\apache-maven-3.8.8\repo\org\apache\ant\ant-antlr\1.10.14\ant-antlr-1.10.14.jar;C:\work\apache-maven-3.8.8\repo\org\apache\groovy\groovy-cli-picocli\4.0.15\groovy-cli-picocli-4.0.15.jar;C:\work\apache-maven-3.8.8\repo\info\picocli\picocli\4.7.5\picocli-4.7.5.jar;C:\work\apache-maven-3.8.8\repo\org\apache\groovy\groovy-console\4.0.15\groovy-console-4.0.15.jar;C:\work\apache-maven-3.8.8\repo\com\github\javaparser\javaparser-core\3.25.5\javaparser-core-3.25.5.jar;C:\work\apache-maven-3.8.8\repo\org\ow2\asm\asm-util\9.5\asm-util-9.5.jar;C:\work\apache-maven-3.8.8\repo\org\ow2\asm\asm-tree\9.5\asm-tree-9.5.jar;C:\work\apache-maven-3.8.8\repo\org\ow2\asm\asm-analysis\9.5\asm-analysis-9.5.jar;C:\work\apache-maven-3.8.8\repo\org\abego\treelayout\org.abego.treelayout.core\1.0.3\org.abego.treelayout.core-1.0.3.jar;C:\work\apache-maven-3.8.8\repo\org\apache\ivy\ivy\2.5.2\ivy-2.5.2.jar;C:\work\apache-maven-3.8.8\repo\org\apache\groovy\groovy-datetime\4.0.15\groovy-datetime-4.0.15.jar;C:\work\apache-maven-3.8.8\repo\org\apache\groovy\groovy-docgenerator\4.0.15\groovy-docgenerator-4.0.15.jar;C:\work\apache-maven-3.8.8\repo\com\thoughtworks\qdox\qdox\1.12.1\qdox-1.12.1.jar;C:\work\apache-maven-3.8.8\repo\org\apache\groovy\groovy-groovydoc\4.0.15\groovy-groovydoc-4.0.15.jar;C:\work\apache-maven-3.8.8\repo\org\apache\groovy\groovy-groovysh\4.0.15\groovy-groovysh-4.0.15.jar;C:\work\apache-maven-3.8.8\repo\jline\jline\2.14.6\jline-2.14.6.jar;C:\work\apache-maven-3.8.8\repo\org\apache\groovy\groovy-jmx\4.0.15\groovy-jmx-4.0.15.jar;C:\work\apache-maven-3.8.8\repo\org\apache\groovy\groovy-json\4.0.15\groovy-json-4.0.15.jar;C:\work\apache-maven-3.8.8\repo\org\apache\groovy\groovy-jsr223\4.0.15\groovy-jsr223-4.0.15.jar;C:\work\apache-maven-3.8.8\repo\org\apache\groovy\groovy-macro\4.0.15\groovy-macro-4.0.15.jar;C:\work\apache-maven-3.8.8\repo\org\apache\groovy\groovy-nio\4.0.15\groovy-nio-4.0.15.jar;C:\work\apache-maven-3.8.8\repo\org\apache\groovy\groovy-servlet\4.0.15\groovy-servlet-4.0.15.jar;C:\work\apache-maven-3.8.8\repo\org\apache\groovy\groovy-sql\4.0.15\groovy-sql-4.0.15.jar;C:\work\apache-maven-3.8.8\repo\org\apache\groovy\groovy-swing\4.0.15\groovy-swing-4.0.15.jar;C:\work\apache-maven-3.8.8\repo\org\apache\groovy\groovy-templates\4.0.15\groovy-templates-4.0.15.jar;C:\work\apache-maven-3.8.8\repo\org\apache\groovy\groovy-test\4.0.15\groovy-test-4.0.15.jar;C:\work\apache-maven-3.8.8\repo\junit\junit\4.13.2\junit-4.13.2.jar;C:\work\apache-maven-3.8.8\repo\org\hamcrest\hamcrest-core\2.2\hamcrest-core-2.2.jar;C:\work\apache-maven-3.8.8\repo\org\apache\groovy\groovy-test-junit5\4.0.15\groovy-test-junit5-4.0.15.jar;C:\work\apache-maven-3.8.8\repo\org\apache\groovy\groovy-xml\4.0.15\groovy-xml-4.0.15.jar;C:\work\apache-maven-3.8.8\repo\org\apache\groovy\groovy-yaml\4.0.15\groovy-yaml-4.0.15.jar;C:\work\apache-maven-3.8.8\repo\com\fasterxml\jackson\dataformat\jackson-dataformat-yaml\2.15.2\jackson-dataformat-yaml-2.15.2.jar;C:\work\apache-maven-3.8.8\repo\org\spockframework\spock-core\2.4-M1-groovy-4.0\spock-core-2.4-M1-groovy-4.0.jar;C:\work\apache-maven-3.8.8\repo\org\junit\platform\junit-platform-engine\1.9.3\junit-platform-engine-1.9.3.jar;C:\work\apache-maven-3.8.8\repo\org\opentest4j\opentest4j\1.2.0\opentest4j-1.2.0.jar;C:\work\apache-maven-3.8.8\repo\org\junit\platform\junit-platform-commons\1.9.3\junit-platform-commons-1.9.3.jar;C:\work\apache-maven-3.8.8\repo\org\apiguardian\apiguardian-api\1.1.2\apiguardian-api-1.1.2.jar;C:\work\apache-maven-3.8.8\repo\org\spockframework\spock-spring\2.4-M1-groovy-4.0\spock-spring-2.4-M1-groovy-4.0.jar;C:\work\apache-maven-3.8.8\repo\com\athaydes\spock-reports\2.5.1-groovy-4.0\spock-reports-2.5.1-groovy-4.0.jar;C:\work\apache-maven-3.8.8\repo\com\github\codemonstur\embedded-redis\1.4.2\embedded-redis-1.4.2.jar;C:\work\apache-maven-3.8.8\repo\redis\clients\jedis\4.3.2\jedis-4.3.2.jar;C:\work\apache-maven-3.8.8\repo\org\apache\commons\commons-pool2\2.11.1\commons-pool2-2.11.1.jar;C:\work\apache-maven-3.8.8\repo\org\json\json\20220320\json-20220320.jar;C:\work\apache-maven-3.8.8\repo\com\google\code\gson\gson\2.10.1\gson-2.10.1.jar;C:\work\apache-maven-3.8.8\repo\org\springframework\kafka\spring-kafka-test\3.0.11\spring-kafka-test-3.0.11.jar;C:\work\apache-maven-3.8.8\repo\org\apache\zookeeper\zookeeper\3.6.3\zookeeper-3.6.3.jar;C:\work\apache-maven-3.8.8\repo\org\apache\zookeeper\zookeeper-jute\3.6.3\zookeeper-jute-3.6.3.jar;C:\work\apache-maven-3.8.8\repo\org\apache\yetus\audience-annotations\0.5.0\audience-annotations-0.5.0.jar;C:\work\apache-maven-3.8.8\repo\io\netty\netty-transport-native-epoll\4.1.97.Final\netty-transport-native-epoll-4.1.97.Final.jar;C:\work\apache-maven-3.8.8\repo\io\netty\netty-transport-classes-epoll\4.1.97.Final\netty-transport-classes-epoll-4.1.97.Final.jar;C:\work\apache-maven-3.8.8\repo\org\apache\kafka\kafka-clients\3.4.1\kafka-clients-3.4.1-test.jar;C:\work\apache-maven-3.8.8\repo\org\apache\kafka\kafka-metadata\3.4.1\kafka-metadata-3.4.1.jar;C:\work\apache-maven-3.8.8\repo\org\apache\kafka\kafka-server-common\3.4.1\kafka-server-common-3.4.1.jar;C:\work\apache-maven-3.8.8\repo\org\apache\kafka\kafka-raft\3.4.1\kafka-raft-3.4.1.jar;C:\work\apache-maven-3.8.8\repo\com\yammer\metrics\metrics-core\2.2.0\metrics-core-2.2.0.jar;C:\work\apache-maven-3.8.8\repo\org\apache\kafka\kafka-streams-test-utils\3.4.1\kafka-streams-test-utils-3.4.1.jar;C:\work\apache-maven-3.8.8\repo\org\apache\kafka\kafka-streams\3.4.1\kafka-streams-3.4.1.jar;C:\work\apache-maven-3.8.8\repo\org\rocksdb\rocksdbjni\7.1.2\rocksdbjni-7.1.2.jar;C:\work\apache-maven-3.8.8\repo\org\apache\kafka\kafka_2.13\3.4.1\kafka_2.13-3.4.1.jar;C:\work\apache-maven-3.8.8\repo\org\scala-lang\scala-library\2.13.10\scala-library-2.13.10.jar;C:\work\apache-maven-3.8.8\repo\org\apache\kafka\kafka-group-coordinator\3.4.1\kafka-group-coordinator-3.4.1.jar;C:\work\apache-maven-3.8.8\repo\org\apache\kafka\kafka-storage\3.4.1\kafka-storage-3.4.1.jar;C:\work\apache-maven-3.8.8\repo\org\apache\kafka\kafka-storage-api\3.4.1\kafka-storage-api-3.4.1.jar;C:\work\apache-maven-3.8.8\repo\net\sourceforge\argparse4j\argparse4j\0.7.0\argparse4j-0.7.0.jar;C:\work\apache-maven-3.8.8\repo\com\fasterxml\jackson\module\jackson-module-scala_2.13\2.15.2\jackson-module-scala_2.13-2.15.2.jar;C:\work\apache-maven-3.8.8\repo\com\thoughtworks\paranamer\paranamer\2.8\paranamer-2.8.jar;C:\work\apache-maven-3.8.8\repo\com\fasterxml\jackson\dataformat\jackson-dataformat-csv\2.15.2\jackson-dataformat-csv-2.15.2.jar;C:\work\apache-maven-3.8.8\repo\net\sf\jopt-simple\jopt-simple\5.0.4\jopt-simple-5.0.4.jar;C:\work\apache-maven-3.8.8\repo\org\bitbucket\b_c\jose4j\0.9.3\jose4j-0.9.3.jar;C:\work\apache-maven-3.8.8\repo\org\scala-lang\modules\scala-collection-compat_2.13\2.10.0\scala-collection-compat_2.13-2.10.0.jar;C:\work\apache-maven-3.8.8\repo\org\scala-lang\modules\scala-java8-compat_2.13\1.0.2\scala-java8-compat_2.13-1.0.2.jar;C:\work\apache-maven-3.8.8\repo\org\scala-lang\scala-reflect\2.13.10\scala-reflect-2.13.10.jar;C:\work\apache-maven-3.8.8\repo\com\typesafe\scala-logging\scala-logging_2.13\3.9.4\scala-logging_2.13-3.9.4.jar;C:\work\apache-maven-3.8.8\repo\io\dropwizard\metrics\metrics-core\4.2.19\metrics-core-4.2.19.jar;C:\work\apache-maven-3.8.8\repo\commons-cli\commons-cli\1.4\commons-cli-1.4.jar;C:\work\apache-maven-3.8.8\repo\org\apache\kafka\kafka_2.13\3.4.1\kafka_2.13-3.4.1-test.jar;C:\work\apache-maven-3.8.8\repo\org\junit\jupiter\junit-jupiter-api\5.9.3\junit-jupiter-api-5.9.3.jar;C:\work\apache-maven-3.8.8\repo\org\junit\platform\junit-platform-launcher\1.9.3\junit-platform-launcher-1.9.3.jar;C:\work\apache-maven-3.8.8\repo\org\awaitility\awaitility\4.2.0\awaitility-4.2.0.jar;"/>
    <property name="java.vm.vendor" value="Oracle Corporation"/>
    <property name="sun.arch.data.model" value="64"/>
    <property name="user.variant" value=""/>
    <property name="java.vendor.url" value="https://java.oracle.com/"/>
    <property name="user.timezone" value="Asia/Shanghai"/>
    <property name="os.name" value="Windows 11"/>
    <property name="java.vm.specification.version" value="17"/>
    <property name="sun.java.launcher" value="SUN_STANDARD"/>
    <property name="user.country" value="CN"/>
    <property name="sun.boot.library.path" value="C:\work\jdk-17\bin"/>
    <property name="sun.java.command" value="C:\Users\joech\AppData\Local\Temp\surefire3157972729963097896\surefirebooter11059328580828082311.jar C:\Users\joech\AppData\Local\Temp\surefire3157972729963097896 2025-01-01T00-33-22_920-jvmRun1 surefire129855555572732134tmp surefire_03057245754602633835tmp"/>
    <property name="jdk.debug" value="release"/>
    <property name="surefire.test.class.path" value="C:\code\hsbc\demo\pong\target\test-classes;C:\code\hsbc\demo\pong\target\classes;C:\work\apache-maven-3.8.8\repo\org\springframework\boot\spring-boot-starter-webflux\3.1.4\spring-boot-starter-webflux-3.1.4.jar;C:\work\apache-maven-3.8.8\repo\org\springframework\boot\spring-boot-starter\3.1.4\spring-boot-starter-3.1.4.jar;C:\work\apache-maven-3.8.8\repo\org\springframework\boot\spring-boot\3.1.4\spring-boot-3.1.4.jar;C:\work\apache-maven-3.8.8\repo\org\springframework\boot\spring-boot-autoconfigure\3.1.4\spring-boot-autoconfigure-3.1.4.jar;C:\work\apache-maven-3.8.8\repo\org\springframework\boot\spring-boot-starter-logging\3.1.4\spring-boot-starter-logging-3.1.4.jar;C:\work\apache-maven-3.8.8\repo\ch\qos\logback\logback-classic\1.4.11\logback-classic-1.4.11.jar;C:\work\apache-maven-3.8.8\repo\ch\qos\logback\logback-core\1.4.11\logback-core-1.4.11.jar;C:\work\apache-maven-3.8.8\repo\org\apache\logging\log4j\log4j-to-slf4j\2.20.0\log4j-to-slf4j-2.20.0.jar;C:\work\apache-maven-3.8.8\repo\org\apache\logging\log4j\log4j-api\2.20.0\log4j-api-2.20.0.jar;C:\work\apache-maven-3.8.8\repo\org\slf4j\jul-to-slf4j\2.0.9\jul-to-slf4j-2.0.9.jar;C:\work\apache-maven-3.8.8\repo\jakarta\annotation\jakarta.annotation-api\2.1.1\jakarta.annotation-api-2.1.1.jar;C:\work\apache-maven-3.8.8\repo\org\yaml\snakeyaml\1.33\snakeyaml-1.33.jar;C:\work\apache-maven-3.8.8\repo\org\springframework\boot\spring-boot-starter-json\3.1.4\spring-boot-starter-json-3.1.4.jar;C:\work\apache-maven-3.8.8\repo\com\fasterxml\jackson\core\jackson-databind\2.15.2\jackson-databind-2.15.2.jar;C:\work\apache-maven-3.8.8\repo\com\fasterxml\jackson\core\jackson-annotations\2.15.2\jackson-annotations-2.15.2.jar;C:\work\apache-maven-3.8.8\repo\com\fasterxml\jackson\core\jackson-core\2.15.2\jackson-core-2.15.2.jar;C:\work\apache-maven-3.8.8\repo\com\fasterxml\jackson\datatype\jackson-datatype-jdk8\2.15.2\jackson-datatype-jdk8-2.15.2.jar;C:\work\apache-maven-3.8.8\repo\com\fasterxml\jackson\datatype\jackson-datatype-jsr310\2.15.2\jackson-datatype-jsr310-2.15.2.jar;C:\work\apache-maven-3.8.8\repo\com\fasterxml\jackson\module\jackson-module-parameter-names\2.15.2\jackson-module-parameter-names-2.15.2.jar;C:\work\apache-maven-3.8.8\repo\org\springframework\boot\spring-boot-starter-reactor-netty\3.1.4\spring-boot-starter-reactor-netty-3.1.4.jar;C:\work\apache-maven-3.8.8\repo\io\projectreactor\netty\reactor-netty-http\1.1.11\reactor-netty-http-1.1.11.jar;C:\work\apache-maven-3.8.8\repo\io\netty\netty-codec-http\4.1.97.Final\netty-codec-http-4.1.97.Final.jar;C:\work\apache-maven-3.8.8\repo\io\netty\netty-codec-http2\4.1.97.Final\netty-codec-http2-4.1.97.Final.jar;C:\work\apache-maven-3.8.8\repo\io\netty\netty-resolver-dns\4.1.97.Final\netty-resolver-dns-4.1.97.Final.jar;C:\work\apache-maven-3.8.8\repo\io\netty\netty-codec-dns\4.1.97.Final\netty-codec-dns-4.1.97.Final.jar;C:\work\apache-maven-3.8.8\repo\io\netty\netty-resolver-dns-native-macos\4.1.97.Final\netty-resolver-dns-native-macos-4.1.97.Final-osx-x86_64.jar;C:\work\apache-maven-3.8.8\repo\io\netty\netty-resolver-dns-classes-macos\4.1.97.Final\netty-resolver-dns-classes-macos-4.1.97.Final.jar;C:\work\apache-maven-3.8.8\repo\io\netty\netty-transport-native-epoll\4.1.97.Final\netty-transport-native-epoll-4.1.97.Final-linux-x86_64.jar;C:\work\apache-maven-3.8.8\repo\io\projectreactor\netty\reactor-netty-core\1.1.11\reactor-netty-core-1.1.11.jar;C:\work\apache-maven-3.8.8\repo\io\netty\netty-handler-proxy\4.1.97.Final\netty-handler-proxy-4.1.97.Final.jar;C:\work\apache-maven-3.8.8\repo\io\netty\netty-codec-socks\4.1.97.Final\netty-codec-socks-4.1.97.Final.jar;C:\work\apache-maven-3.8.8\repo\org\springframework\spring-web\6.0.12\spring-web-6.0.12.jar;C:\work\apache-maven-3.8.8\repo\org\springframework\spring-beans\6.0.12\spring-beans-6.0.12.jar;C:\work\apache-maven-3.8.8\repo\org\springframework\spring-webflux\6.0.12\spring-webflux-6.0.12.jar;C:\work\apache-maven-3.8.8\repo\io\projectreactor\reactor-core\3.5.10\reactor-core-3.5.10.jar;C:\work\apache-maven-3.8.8\repo\org\reactivestreams\reactive-streams\1.0.4\reactive-streams-1.0.4.jar;C:\work\apache-maven-3.8.8\repo\com\google\guava\guava\19.0\guava-19.0.jar;C:\work\apache-maven-3.8.8\repo\commons-io\commons-io\2.11.0\commons-io-2.11.0.jar;C:\work\apache-maven-3.8.8\repo\org\springframework\boot\spring-boot-starter-data-redis\3.1.4\spring-boot-starter-data-redis-3.1.4.jar;C:\work\apache-maven-3.8.8\repo\org\springframework\data\spring-data-redis\3.1.4\spring-data-redis-3.1.4.jar;C:\work\apache-maven-3.8.8\repo\org\springframework\data\spring-data-keyvalue\3.1.4\spring-data-keyvalue-3.1.4.jar;C:\work\apache-maven-3.8.8\repo\org\springframework\spring-oxm\6.0.12\spring-oxm-6.0.12.jar;C:\work\apache-maven-3.8.8\repo\org\springframework\spring-aop\6.0.12\spring-aop-6.0.12.jar;C:\work\apache-maven-3.8.8\repo\org\springframework\spring-context-support\6.0.12\spring-context-support-6.0.12.jar;C:\work\apache-maven-3.8.8\repo\io\lettuce\lettuce-core\6.2.6.RELEASE\lettuce-core-6.2.6.RELEASE.jar;C:\work\apache-maven-3.8.8\repo\io\netty\netty-common\4.1.97.Final\netty-common-4.1.97.Final.jar;C:\work\apache-maven-3.8.8\repo\io\netty\netty-handler\4.1.97.Final\netty-handler-4.1.97.Final.jar;C:\work\apache-maven-3.8.8\repo\io\netty\netty-resolver\4.1.97.Final\netty-resolver-4.1.97.Final.jar;C:\work\apache-maven-3.8.8\repo\io\netty\netty-buffer\4.1.97.Final\netty-buffer-4.1.97.Final.jar;C:\work\apache-maven-3.8.8\repo\io\netty\netty-transport-native-unix-common\4.1.97.Final\netty-transport-native-unix-common-4.1.97.Final.jar;C:\work\apache-maven-3.8.8\repo\io\netty\netty-codec\4.1.97.Final\netty-codec-4.1.97.Final.jar;C:\work\apache-maven-3.8.8\repo\io\netty\netty-transport\4.1.97.Final\netty-transport-4.1.97.Final.jar;C:\work\apache-maven-3.8.8\repo\org\springframework\boot\spring-boot-starter-data-jpa\3.1.4\spring-boot-starter-data-jpa-3.1.4.jar;C:\work\apache-maven-3.8.8\repo\org\springframework\boot\spring-boot-starter-aop\3.1.4\spring-boot-starter-aop-3.1.4.jar;C:\work\apache-maven-3.8.8\repo\org\aspectj\aspectjweaver\1.9.20\aspectjweaver-1.9.20.jar;C:\work\apache-maven-3.8.8\repo\org\springframework\boot\spring-boot-starter-jdbc\3.1.4\spring-boot-starter-jdbc-3.1.4.jar;C:\work\apache-maven-3.8.8\repo\com\zaxxer\HikariCP\5.0.1\HikariCP-5.0.1.jar;C:\work\apache-maven-3.8.8\repo\org\springframework\spring-jdbc\6.0.12\spring-jdbc-6.0.12.jar;C:\work\apache-maven-3.8.8\repo\org\hibernate\orm\hibernate-core\6.2.9.Final\hibernate-core-6.2.9.Final.jar;C:\work\apache-maven-3.8.8\repo\jakarta\persistence\jakarta.persistence-api\3.1.0\jakarta.persistence-api-3.1.0.jar;C:\work\apache-maven-3.8.8\repo\jakarta\transaction\jakarta.transaction-api\2.0.1\jakarta.transaction-api-2.0.1.jar;C:\work\apache-maven-3.8.8\repo\org\jboss\logging\jboss-logging\3.5.3.Final\jboss-logging-3.5.3.Final.jar;C:\work\apache-maven-3.8.8\repo\org\hibernate\common\hibernate-commons-annotations\6.0.6.Final\hibernate-commons-annotations-6.0.6.Final.jar;C:\work\apache-maven-3.8.8\repo\io\smallrye\jandex\3.0.5\jandex-3.0.5.jar;C:\work\apache-maven-3.8.8\repo\com\fasterxml\classmate\1.5.1\classmate-1.5.1.jar;C:\work\apache-maven-3.8.8\repo\net\bytebuddy\byte-buddy\1.14.8\byte-buddy-1.14.8.jar;C:\work\apache-maven-3.8.8\repo\org\glassfish\jaxb\jaxb-runtime\4.0.3\jaxb-runtime-4.0.3.jar;C:\work\apache-maven-3.8.8\repo\org\glassfish\jaxb\jaxb-core\4.0.3\jaxb-core-4.0.3.jar;C:\work\apache-maven-3.8.8\repo\org\eclipse\angus\angus-activation\2.0.1\angus-activation-2.0.1.jar;C:\work\apache-maven-3.8.8\repo\org\glassfish\jaxb\txw2\4.0.3\txw2-4.0.3.jar;C:\work\apache-maven-3.8.8\repo\com\sun\istack\istack-commons-runtime\4.1.2\istack-commons-runtime-4.1.2.jar;C:\work\apache-maven-3.8.8\repo\jakarta\inject\jakarta.inject-api\2.0.1\jakarta.inject-api-2.0.1.jar;C:\work\apache-maven-3.8.8\repo\org\antlr\antlr4-runtime\4.10.1\antlr4-runtime-4.10.1.jar;C:\work\apache-maven-3.8.8\repo\org\springframework\data\spring-data-jpa\3.1.4\spring-data-jpa-3.1.4.jar;C:\work\apache-maven-3.8.8\repo\org\springframework\data\spring-data-commons\3.1.4\spring-data-commons-3.1.4.jar;C:\work\apache-maven-3.8.8\repo\org\springframework\spring-orm\6.0.12\spring-orm-6.0.12.jar;C:\work\apache-maven-3.8.8\repo\org\springframework\spring-aspects\6.0.12\spring-aspects-6.0.12.jar;C:\work\apache-maven-3.8.8\repo\org\postgresql\postgresql\42.6.0\postgresql-42.6.0.jar;C:\work\apache-maven-3.8.8\repo\org\checkerframework\checker-qual\3.31.0\checker-qual-3.31.0.jar;C:\work\apache-maven-3.8.8\repo\org\springframework\kafka\spring-kafka\3.0.11\spring-kafka-3.0.11.jar;C:\work\apache-maven-3.8.8\repo\org\springframework\spring-context\6.0.12\spring-context-6.0.12.jar;C:\work\apache-maven-3.8.8\repo\org\springframework\spring-expression\6.0.12\spring-expression-6.0.12.jar;C:\work\apache-maven-3.8.8\repo\org\springframework\spring-messaging\6.0.12\spring-messaging-6.0.12.jar;C:\work\apache-maven-3.8.8\repo\org\springframework\spring-tx\6.0.12\spring-tx-6.0.12.jar;C:\work\apache-maven-3.8.8\repo\org\springframework\retry\spring-retry\2.0.3\spring-retry-2.0.3.jar;C:\work\apache-maven-3.8.8\repo\io\micrometer\micrometer-observation\1.11.4\micrometer-observation-1.11.4.jar;C:\work\apache-maven-3.8.8\repo\io\micrometer\micrometer-commons\1.11.4\micrometer-commons-1.11.4.jar;C:\work\apache-maven-3.8.8\repo\com\google\code\findbugs\jsr305\3.0.2\jsr305-3.0.2.jar;C:\work\apache-maven-3.8.8\repo\org\apache\kafka\kafka-clients\3.4.1\kafka-clients-3.4.1.jar;C:\work\apache-maven-3.8.8\repo\com\github\luben\zstd-jni\1.5.2-1\zstd-jni-1.5.2-1.jar;C:\work\apache-maven-3.8.8\repo\org\lz4\lz4-java\1.8.0\lz4-java-1.8.0.jar;C:\work\apache-maven-3.8.8\repo\org\xerial\snappy\snappy-java\1.1.8.4\snappy-java-1.1.8.4.jar;C:\work\apache-maven-3.8.8\repo\org\slf4j\slf4j-api\2.0.9\slf4j-api-2.0.9.jar;C:\work\apache-maven-3.8.8\repo\com\h2database\h2\1.4.200\h2-1.4.200.jar;C:\work\apache-maven-3.8.8\repo\org\springframework\boot\spring-boot-starter-test\3.1.4\spring-boot-starter-test-3.1.4.jar;C:\work\apache-maven-3.8.8\repo\org\springframework\boot\spring-boot-test\3.1.4\spring-boot-test-3.1.4.jar;C:\work\apache-maven-3.8.8\repo\org\springframework\boot\spring-boot-test-autoconfigure\3.1.4\spring-boot-test-autoconfigure-3.1.4.jar;C:\work\apache-maven-3.8.8\repo\com\jayway\jsonpath\json-path\2.8.0\json-path-2.8.0.jar;C:\work\apache-maven-3.8.8\repo\jakarta\xml\bind\jakarta.xml.bind-api\4.0.1\jakarta.xml.bind-api-4.0.1.jar;C:\work\apache-maven-3.8.8\repo\jakarta\activation\jakarta.activation-api\2.1.2\jakarta.activation-api-2.1.2.jar;C:\work\apache-maven-3.8.8\repo\net\minidev\json-smart\2.4.11\json-smart-2.4.11.jar;C:\work\apache-maven-3.8.8\repo\net\minidev\accessors-smart\2.4.11\accessors-smart-2.4.11.jar;C:\work\apache-maven-3.8.8\repo\org\ow2\asm\asm\9.3\asm-9.3.jar;C:\work\apache-maven-3.8.8\repo\org\assertj\assertj-core\3.24.2\assertj-core-3.24.2.jar;C:\work\apache-maven-3.8.8\repo\org\hamcrest\hamcrest\2.2\hamcrest-2.2.jar;C:\work\apache-maven-3.8.8\repo\org\junit\jupiter\junit-jupiter\5.9.3\junit-jupiter-5.9.3.jar;C:\work\apache-maven-3.8.8\repo\org\junit\jupiter\junit-jupiter-params\5.9.3\junit-jupiter-params-5.9.3.jar;C:\work\apache-maven-3.8.8\repo\org\junit\jupiter\junit-jupiter-engine\5.9.3\junit-jupiter-engine-5.9.3.jar;C:\work\apache-maven-3.8.8\repo\org\mockito\mockito-core\5.3.1\mockito-core-5.3.1.jar;C:\work\apache-maven-3.8.8\repo\net\bytebuddy\byte-buddy-agent\1.14.8\byte-buddy-agent-1.14.8.jar;C:\work\apache-maven-3.8.8\repo\org\objenesis\objenesis\3.3\objenesis-3.3.jar;C:\work\apache-maven-3.8.8\repo\org\mockito\mockito-junit-jupiter\5.3.1\mockito-junit-jupiter-5.3.1.jar;C:\work\apache-maven-3.8.8\repo\org\skyscreamer\jsonassert\1.5.1\jsonassert-1.5.1.jar;C:\work\apache-maven-3.8.8\repo\com\vaadin\external\google\android-json\0.0.20131108.vaadin1\android-json-0.0.20131108.vaadin1.jar;C:\work\apache-maven-3.8.8\repo\org\springframework\spring-core\6.0.12\spring-core-6.0.12.jar;C:\work\apache-maven-3.8.8\repo\org\springframework\spring-jcl\6.0.12\spring-jcl-6.0.12.jar;C:\work\apache-maven-3.8.8\repo\org\springframework\spring-test\6.0.12\spring-test-6.0.12.jar;C:\work\apache-maven-3.8.8\repo\org\xmlunit\xmlunit-core\2.9.1\xmlunit-core-2.9.1.jar;C:\work\apache-maven-3.8.8\repo\org\apache\groovy\groovy\4.0.15\groovy-4.0.15.jar;C:\work\apache-maven-3.8.8\repo\org\apache\groovy\groovy-ant\4.0.15\groovy-ant-4.0.15.jar;C:\work\apache-maven-3.8.8\repo\org\apache\ant\ant\1.10.14\ant-1.10.14.jar;C:\work\apache-maven-3.8.8\repo\org\apache\ant\ant-junit\1.10.14\ant-junit-1.10.14.jar;C:\work\apache-maven-3.8.8\repo\org\apache\ant\ant-launcher\1.10.14\ant-launcher-1.10.14.jar;C:\work\apache-maven-3.8.8\repo\org\apache\ant\ant-antlr\1.10.14\ant-antlr-1.10.14.jar;C:\work\apache-maven-3.8.8\repo\org\apache\groovy\groovy-cli-picocli\4.0.15\groovy-cli-picocli-4.0.15.jar;C:\work\apache-maven-3.8.8\repo\info\picocli\picocli\4.7.5\picocli-4.7.5.jar;C:\work\apache-maven-3.8.8\repo\org\apache\groovy\groovy-console\4.0.15\groovy-console-4.0.15.jar;C:\work\apache-maven-3.8.8\repo\com\github\javaparser\javaparser-core\3.25.5\javaparser-core-3.25.5.jar;C:\work\apache-maven-3.8.8\repo\org\ow2\asm\asm-util\9.5\asm-util-9.5.jar;C:\work\apache-maven-3.8.8\repo\org\ow2\asm\asm-tree\9.5\asm-tree-9.5.jar;C:\work\apache-maven-3.8.8\repo\org\ow2\asm\asm-analysis\9.5\asm-analysis-9.5.jar;C:\work\apache-maven-3.8.8\repo\org\abego\treelayout\org.abego.treelayout.core\1.0.3\org.abego.treelayout.core-1.0.3.jar;C:\work\apache-maven-3.8.8\repo\org\apache\ivy\ivy\2.5.2\ivy-2.5.2.jar;C:\work\apache-maven-3.8.8\repo\org\apache\groovy\groovy-datetime\4.0.15\groovy-datetime-4.0.15.jar;C:\work\apache-maven-3.8.8\repo\org\apache\groovy\groovy-docgenerator\4.0.15\groovy-docgenerator-4.0.15.jar;C:\work\apache-maven-3.8.8\repo\com\thoughtworks\qdox\qdox\1.12.1\qdox-1.12.1.jar;C:\work\apache-maven-3.8.8\repo\org\apache\groovy\groovy-groovydoc\4.0.15\groovy-groovydoc-4.0.15.jar;C:\work\apache-maven-3.8.8\repo\org\apache\groovy\groovy-groovysh\4.0.15\groovy-groovysh-4.0.15.jar;C:\work\apache-maven-3.8.8\repo\jline\jline\2.14.6\jline-2.14.6.jar;C:\work\apache-maven-3.8.8\repo\org\apache\groovy\groovy-jmx\4.0.15\groovy-jmx-4.0.15.jar;C:\work\apache-maven-3.8.8\repo\org\apache\groovy\groovy-json\4.0.15\groovy-json-4.0.15.jar;C:\work\apache-maven-3.8.8\repo\org\apache\groovy\groovy-jsr223\4.0.15\groovy-jsr223-4.0.15.jar;C:\work\apache-maven-3.8.8\repo\org\apache\groovy\groovy-macro\4.0.15\groovy-macro-4.0.15.jar;C:\work\apache-maven-3.8.8\repo\org\apache\groovy\groovy-nio\4.0.15\groovy-nio-4.0.15.jar;C:\work\apache-maven-3.8.8\repo\org\apache\groovy\groovy-servlet\4.0.15\groovy-servlet-4.0.15.jar;C:\work\apache-maven-3.8.8\repo\org\apache\groovy\groovy-sql\4.0.15\groovy-sql-4.0.15.jar;C:\work\apache-maven-3.8.8\repo\org\apache\groovy\groovy-swing\4.0.15\groovy-swing-4.0.15.jar;C:\work\apache-maven-3.8.8\repo\org\apache\groovy\groovy-templates\4.0.15\groovy-templates-4.0.15.jar;C:\work\apache-maven-3.8.8\repo\org\apache\groovy\groovy-test\4.0.15\groovy-test-4.0.15.jar;C:\work\apache-maven-3.8.8\repo\junit\junit\4.13.2\junit-4.13.2.jar;C:\work\apache-maven-3.8.8\repo\org\hamcrest\hamcrest-core\2.2\hamcrest-core-2.2.jar;C:\work\apache-maven-3.8.8\repo\org\apache\groovy\groovy-test-junit5\4.0.15\groovy-test-junit5-4.0.15.jar;C:\work\apache-maven-3.8.8\repo\org\apache\groovy\groovy-xml\4.0.15\groovy-xml-4.0.15.jar;C:\work\apache-maven-3.8.8\repo\org\apache\groovy\groovy-yaml\4.0.15\groovy-yaml-4.0.15.jar;C:\work\apache-maven-3.8.8\repo\com\fasterxml\jackson\dataformat\jackson-dataformat-yaml\2.15.2\jackson-dataformat-yaml-2.15.2.jar;C:\work\apache-maven-3.8.8\repo\org\spockframework\spock-core\2.4-M1-groovy-4.0\spock-core-2.4-M1-groovy-4.0.jar;C:\work\apache-maven-3.8.8\repo\org\junit\platform\junit-platform-engine\1.9.3\junit-platform-engine-1.9.3.jar;C:\work\apache-maven-3.8.8\repo\org\opentest4j\opentest4j\1.2.0\opentest4j-1.2.0.jar;C:\work\apache-maven-3.8.8\repo\org\junit\platform\junit-platform-commons\1.9.3\junit-platform-commons-1.9.3.jar;C:\work\apache-maven-3.8.8\repo\org\apiguardian\apiguardian-api\1.1.2\apiguardian-api-1.1.2.jar;C:\work\apache-maven-3.8.8\repo\org\spockframework\spock-spring\2.4-M1-groovy-4.0\spock-spring-2.4-M1-groovy-4.0.jar;C:\work\apache-maven-3.8.8\repo\com\athaydes\spock-reports\2.5.1-groovy-4.0\spock-reports-2.5.1-groovy-4.0.jar;C:\work\apache-maven-3.8.8\repo\com\github\codemonstur\embedded-redis\1.4.2\embedded-redis-1.4.2.jar;C:\work\apache-maven-3.8.8\repo\redis\clients\jedis\4.3.2\jedis-4.3.2.jar;C:\work\apache-maven-3.8.8\repo\org\apache\commons\commons-pool2\2.11.1\commons-pool2-2.11.1.jar;C:\work\apache-maven-3.8.8\repo\org\json\json\20220320\json-20220320.jar;C:\work\apache-maven-3.8.8\repo\com\google\code\gson\gson\2.10.1\gson-2.10.1.jar;C:\work\apache-maven-3.8.8\repo\org\springframework\kafka\spring-kafka-test\3.0.11\spring-kafka-test-3.0.11.jar;C:\work\apache-maven-3.8.8\repo\org\apache\zookeeper\zookeeper\3.6.3\zookeeper-3.6.3.jar;C:\work\apache-maven-3.8.8\repo\org\apache\zookeeper\zookeeper-jute\3.6.3\zookeeper-jute-3.6.3.jar;C:\work\apache-maven-3.8.8\repo\org\apache\yetus\audience-annotations\0.5.0\audience-annotations-0.5.0.jar;C:\work\apache-maven-3.8.8\repo\io\netty\netty-transport-native-epoll\4.1.97.Final\netty-transport-native-epoll-4.1.97.Final.jar;C:\work\apache-maven-3.8.8\repo\io\netty\netty-transport-classes-epoll\4.1.97.Final\netty-transport-classes-epoll-4.1.97.Final.jar;C:\work\apache-maven-3.8.8\repo\org\apache\kafka\kafka-clients\3.4.1\kafka-clients-3.4.1-test.jar;C:\work\apache-maven-3.8.8\repo\org\apache\kafka\kafka-metadata\3.4.1\kafka-metadata-3.4.1.jar;C:\work\apache-maven-3.8.8\repo\org\apache\kafka\kafka-server-common\3.4.1\kafka-server-common-3.4.1.jar;C:\work\apache-maven-3.8.8\repo\org\apache\kafka\kafka-raft\3.4.1\kafka-raft-3.4.1.jar;C:\work\apache-maven-3.8.8\repo\com\yammer\metrics\metrics-core\2.2.0\metrics-core-2.2.0.jar;C:\work\apache-maven-3.8.8\repo\org\apache\kafka\kafka-streams-test-utils\3.4.1\kafka-streams-test-utils-3.4.1.jar;C:\work\apache-maven-3.8.8\repo\org\apache\kafka\kafka-streams\3.4.1\kafka-streams-3.4.1.jar;C:\work\apache-maven-3.8.8\repo\org\rocksdb\rocksdbjni\7.1.2\rocksdbjni-7.1.2.jar;C:\work\apache-maven-3.8.8\repo\org\apache\kafka\kafka_2.13\3.4.1\kafka_2.13-3.4.1.jar;C:\work\apache-maven-3.8.8\repo\org\scala-lang\scala-library\2.13.10\scala-library-2.13.10.jar;C:\work\apache-maven-3.8.8\repo\org\apache\kafka\kafka-group-coordinator\3.4.1\kafka-group-coordinator-3.4.1.jar;C:\work\apache-maven-3.8.8\repo\org\apache\kafka\kafka-storage\3.4.1\kafka-storage-3.4.1.jar;C:\work\apache-maven-3.8.8\repo\org\apache\kafka\kafka-storage-api\3.4.1\kafka-storage-api-3.4.1.jar;C:\work\apache-maven-3.8.8\repo\net\sourceforge\argparse4j\argparse4j\0.7.0\argparse4j-0.7.0.jar;C:\work\apache-maven-3.8.8\repo\com\fasterxml\jackson\module\jackson-module-scala_2.13\2.15.2\jackson-module-scala_2.13-2.15.2.jar;C:\work\apache-maven-3.8.8\repo\com\thoughtworks\paranamer\paranamer\2.8\paranamer-2.8.jar;C:\work\apache-maven-3.8.8\repo\com\fasterxml\jackson\dataformat\jackson-dataformat-csv\2.15.2\jackson-dataformat-csv-2.15.2.jar;C:\work\apache-maven-3.8.8\repo\net\sf\jopt-simple\jopt-simple\5.0.4\jopt-simple-5.0.4.jar;C:\work\apache-maven-3.8.8\repo\org\bitbucket\b_c\jose4j\0.9.3\jose4j-0.9.3.jar;C:\work\apache-maven-3.8.8\repo\org\scala-lang\modules\scala-collection-compat_2.13\2.10.0\scala-collection-compat_2.13-2.10.0.jar;C:\work\apache-maven-3.8.8\repo\org\scala-lang\modules\scala-java8-compat_2.13\1.0.2\scala-java8-compat_2.13-1.0.2.jar;C:\work\apache-maven-3.8.8\repo\org\scala-lang\scala-reflect\2.13.10\scala-reflect-2.13.10.jar;C:\work\apache-maven-3.8.8\repo\com\typesafe\scala-logging\scala-logging_2.13\3.9.4\scala-logging_2.13-3.9.4.jar;C:\work\apache-maven-3.8.8\repo\io\dropwizard\metrics\metrics-core\4.2.19\metrics-core-4.2.19.jar;C:\work\apache-maven-3.8.8\repo\commons-cli\commons-cli\1.4\commons-cli-1.4.jar;C:\work\apache-maven-3.8.8\repo\org\apache\kafka\kafka_2.13\3.4.1\kafka_2.13-3.4.1-test.jar;C:\work\apache-maven-3.8.8\repo\org\junit\jupiter\junit-jupiter-api\5.9.3\junit-jupiter-api-5.9.3.jar;C:\work\apache-maven-3.8.8\repo\org\junit\platform\junit-platform-launcher\1.9.3\junit-platform-launcher-1.9.3.jar;C:\work\apache-maven-3.8.8\repo\org\awaitility\awaitility\4.2.0\awaitility-4.2.0.jar;"/>
    <property name="sun.cpu.endian" value="little"/>
    <property name="user.home" value="C:\Users\joech"/>
    <property name="user.language" value="zh"/>
    <property name="java.specification.vendor" value="Oracle Corporation"/>
    <property name="java.version.date" value="2024-07-16"/>
    <property name="java.home" value="C:\work\jdk-17"/>
    <property name="file.separator" value="\"/>
    <property name="basedir" value="C:\code\hsbc\demo\pong"/>
    <property name="java.vm.compressedOopsMode" value="Zero based"/>
    <property name="line.separator" value="&#10;"/>
    <property name="java.vm.specification.vendor" value="Oracle Corporation"/>
    <property name="java.specification.name" value="Java Platform API Specification"/>
    <property name="surefire.real.class.path" value="C:\Users\joech\AppData\Local\Temp\surefire3157972729963097896\surefirebooter11059328580828082311.jar"/>
    <property name="user.script" value=""/>
    <property name="sun.management.compiler" value="HotSpot 64-Bit Tiered Compilers"/>
    <property name="java.runtime.version" value="17.0.12+8-LTS-286"/>
    <property name="user.name" value="joech"/>
    <property name="path.separator" value=";"/>
    <property name="os.version" value="10.0"/>
    <property name="java.runtime.name" value="Java(TM) SE Runtime Environment"/>
    <property name="file.encoding" value="GBK"/>
    <property name="java.vm.name" value="Java HotSpot(TM) 64-Bit Server VM"/>
    <property name="localRepository" value="C:\work\apache-maven-3.8.8\repo"/>
    <property name="java.vendor.url.bug" value="https://bugreport.java.com/bugreport/"/>
    <property name="java.io.tmpdir" value="C:\Users\joech\AppData\Local\Temp\"/>
    <property name="java.version" value="17.0.12"/>
    <property name="user.dir" value="C:\code\hsbc\demo\pong"/>
    <property name="os.arch" value="amd64"/>
    <property name="java.vm.specification.name" value="Java Virtual Machine Specification"/>
    <property name="sun.os.patch.level" value=""/>
    <property name="native.encoding" value="GBK"/>
    <property name="java.library.path" value="C:\work\jdk-17\bin;C:\windows\Sun\Java\bin;C:\windows\system32;C:\windows;C:\work\python312\Scripts\;C:\work\python312\;C:\windows\system32;C:\windows;C:\windows\System32\Wbem;C:\windows\System32\WindowsPowerShell\v1.0\;C:\windows\System32\OpenSSH\;C:\Program\Git\cmd;C:\Program\PowerShell\7\;C:\Program Files\dotnet\;C:\Users\joech\AppData\Local\Microsoft\WindowsApps;C:\Users\joech\AppData\Local\GitHubDesktop\bin;C:\Program\Microsoft VS Code\bin;C:\work\apache-maven-3.8.8\bin;C:\Program Files\Tesseract-OCR;C:\work\jdk-17\bin;;."/>
    <property name="java.vm.info" value="mixed mode, sharing"/>
    <property name="java.vendor" value="Oracle Corporation"/>
    <property name="java.vm.version" value="17.0.12+8-LTS-286"/>
    <property name="sun.io.unicode.encoding" value="UnicodeLittle"/>
    <property name="java.class.version" value="61.0"/>
  </properties>
  <testcase name="should send and receive message" classname="com.demo.kafka.KafkaSpec" time="0.726"/>
</testsuite>